<?xml version="1.0" encoding="UTF-8" ?>
<testsuite tests="1" failures="1" name="com.cms.til.graph.janus.JanusMultipleEdgesTest" time="10.275" errors="0" skipped="0">
  <properties>
[...]
</properties>
  <testcase classname="com.cms.til.graph.janus.JanusMultipleEdgesTest" name="testMultipleEdgesWithSameId" time="10.275">
    <failure message="Duplicate edges found between  (msid: 246912)--hie_child--&gt;(msid: 246913) expected:&lt;1&gt; but was:&lt;10&gt;" type="java.lang.AssertionError">java.lang.AssertionError: Duplicate edges found between  (msid: 246912)--hie_child--&gt;(msid: 246913) expected:&lt;1&gt; but was:&lt;10&gt;
	at org.junit.Assert.fail(Assert.java:88)
	at org.junit.Assert.failNotEquals(Assert.java:834)
	at org.junit.Assert.assertEquals(Assert.java:118)
	at com.cms.til.graph.janus.JanusMultipleEdgesTest.testMultipleEdgesWithSameId(JanusMultipleEdgesTest.java:71)
	at sun.reflect.NativeMethodAccessorImpl.invoke0(Native Method)
	at sun.reflect.NativeMethodAccessorImpl.invoke(NativeMethodAccessorImpl.java:62)
	at sun.reflect.DelegatingMethodAccessorImpl.invoke(DelegatingMethodAccessorImpl.java:43)
	at java.lang.reflect.Method.invoke(Method.java:498)
	at org.junit.runners.model.FrameworkMethod$1.runReflectiveCall(FrameworkMethod.java:50)
	at org.junit.internal.runners.model.ReflectiveCallable.run(ReflectiveCallable.java:12)
	at org.junit.runners.model.FrameworkMethod.invokeExplosively(FrameworkMethod.java:47)
	at org.junit.internal.runners.statements.InvokeMethod.evaluate(InvokeMethod.java:17)
	at org.junit.internal.runners.statements.RunBefores.evaluate(RunBefores.java:26)
	at org.springframework.test.context.junit4.statements.RunBeforeTestMethodCallbacks.evaluate(RunBeforeTestMethodCallbacks.java:75)
	at org.junit.internal.runners.statements.RunAfters.evaluate(RunAfters.java:27)
	at org.springframework.test.context.junit4.statements.RunAfterTestMethodCallbacks.evaluate(RunAfterTestMethodCallbacks.java:86)
	at org.springframework.test.context.junit4.statements.SpringRepeat.evaluate(SpringRepeat.java:84)
	at org.junit.runners.ParentRunner.runLeaf(ParentRunner.java:325)
	at org.springframework.test.context.junit4.SpringJUnit4ClassRunner.runChild(SpringJUnit4ClassRunner.java:254)
	at org.springframework.test.context.junit4.SpringJUnit4ClassRunner.runChild(SpringJUnit4ClassRunner.java:89)
	at org.junit.runners.ParentRunner$3.run(ParentRunner.java:290)
	at org.junit.runners.ParentRunner$1.schedule(ParentRunner.java:71)
	at org.junit.runners.ParentRunner.runChildren(ParentRunner.java:288)
	at org.junit.runners.ParentRunner.access$000(ParentRunner.java:58)
	at org.junit.runners.ParentRunner$2.evaluate(ParentRunner.java:268)
	at org.springframework.test.context.junit4.statements.RunBeforeTestClassCallbacks.evaluate(RunBeforeTestClassCallbacks.java:61)
	at org.springframework.test.context.junit4.statements.RunAfterTestClassCallbacks.evaluate(RunAfterTestClassCallbacks.java:70)
	at org.junit.runners.ParentRunner.run(ParentRunner.java:363)
	at org.springframework.test.context.junit4.SpringJUnit4ClassRunner.run(SpringJUnit4ClassRunner.java:193)
	at org.apache.maven.surefire.junit4.JUnit4Provider.execute(JUnit4Provider.java:252)
	at org.apache.maven.surefire.junit4.JUnit4Provider.executeTestSet(JUnit4Provider.java:141)
	at org.apache.maven.surefire.junit4.JUnit4Provider.invoke(JUnit4Provider.java:112)
	at sun.reflect.NativeMethodAccessorImpl.invoke0(Native Method)
	at sun.reflect.NativeMethodAccessorImpl.invoke(NativeMethodAccessorImpl.java:62)
	at sun.reflect.DelegatingMethodAccessorImpl.invoke(DelegatingMethodAccessorImpl.java:43)
	at java.lang.reflect.Method.invoke(Method.java:498)
	at org.apache.maven.surefire.util.ReflectionUtils.invokeMethodWithArray(ReflectionUtils.java:189)
	at org.apache.maven.surefire.booter.ProviderFactory$ProviderProxy.invoke(ProviderFactory.java:165)
	at org.apache.maven.surefire.booter.ProviderFactory.invokeProvider(ProviderFactory.java:85)
	at org.apache.maven.surefire.booter.ForkedBooter.runSuitesInProcess(ForkedBooter.java:115)
	at org.apache.maven.surefire.booter.ForkedBooter.main(ForkedBooter.java:75)
</failure>
    <system-out>10:13:13.415 [main] DEBUG o.s.t.c.j.SpringJUnit4ClassRunner - SpringJUnit4ClassRunner constructor called with [class com.cms.til.graph.janus.JanusMultipleEdgesTest]
10:13:13.420 [main] DEBUG o.s.test.context.BootstrapUtils - Instantiating CacheAwareContextLoaderDelegate from class [org.springframework.test.context.cache.DefaultCacheAwareContextLoaderDelegate]
10:13:13.424 [main] DEBUG o.s.test.context.BootstrapUtils - Instantiating BootstrapContext using constructor [public org.springframework.test.context.support.DefaultBootstrapContext(java.lang.Class,org.springframework.test.context.CacheAwareContextLoaderDelegate)]
10:13:13.435 [main] DEBUG o.s.test.context.BootstrapUtils - Instantiating TestContextBootstrapper for test class [com.cms.til.graph.janus.JanusMultipleEdgesTest] from class [org.springframework.test.context.support.DefaultTestContextBootstrapper]
10:13:13.459 [main] DEBUG o.s.t.c.s.AbstractDelegatingSmartContextLoader - Delegating to AnnotationConfigContextLoader to process context configuration [ContextConfigurationAttributes@5f282abb declaringClass = &apos;com.cms.til.graph.janus.JanusMultipleEdgesTest&apos;, classes = &apos;{class com.cms.til.graph.janus.BeanConfig}&apos;, locations = &apos;{}&apos;, inheritLocations = true, initializers = &apos;{}&apos;, inheritInitializers = true, name = [null], contextLoaderClass = &apos;org.springframework.test.context.ContextLoader&apos;].
10:13:13.460 [main] DEBUG o.s.t.c.support.ActiveProfilesUtils - Could not find an &apos;annotation declaring class&apos; for annotation type [org.springframework.test.context.ActiveProfiles] and class [com.cms.til.graph.janus.JanusMultipleEdgesTest]
10:13:13.464 [main] DEBUG o.s.t.c.s.DefaultTestContextBootstrapper - @TestExecutionListeners is not present for class [com.cms.til.graph.janus.JanusMultipleEdgesTest]: using defaults.
10:13:13.471 [main] INFO  o.s.t.c.s.DefaultTestContextBootstrapper - Loaded default TestExecutionListener class names from location [META-INF/spring.factories]: [org.springframework.test.context.web.ServletTestExecutionListener, org.springframework.test.context.support.DirtiesContextBeforeModesTestExecutionListener, org.springframework.test.context.support.DependencyInjectionTestExecutionListener, org.springframework.test.context.support.DirtiesContextTestExecutionListener, org.springframework.test.context.transaction.TransactionalTestExecutionListener, org.springframework.test.context.jdbc.SqlScriptsTestExecutionListener]
10:13:13.475 [main] INFO  o.s.t.c.s.DefaultTestContextBootstrapper - Could not instantiate TestExecutionListener [org.springframework.test.context.transaction.TransactionalTestExecutionListener]. Specify custom listener classes or make the default listener classes (and their required dependencies) available. Offending class: [org/springframework/transaction/interceptor/TransactionAttributeSource]
10:13:13.476 [main] INFO  o.s.t.c.s.DefaultTestContextBootstrapper - Could not instantiate TestExecutionListener [org.springframework.test.context.web.ServletTestExecutionListener]. Specify custom listener classes or make the default listener classes (and their required dependencies) available. Offending class: [javax/servlet/ServletContext]
10:13:13.477 [main] INFO  o.s.t.c.s.DefaultTestContextBootstrapper - Could not instantiate TestExecutionListener [org.springframework.test.context.jdbc.SqlScriptsTestExecutionListener]. Specify custom listener classes or make the default listener classes (and their required dependencies) available. Offending class: [org/springframework/transaction/interceptor/TransactionAttribute]
10:13:13.479 [main] INFO  o.s.t.c.s.DefaultTestContextBootstrapper - Using TestExecutionListeners: [org.springframework.test.context.support.DirtiesContextBeforeModesTestExecutionListener@6b9651f3, org.springframework.test.context.support.DependencyInjectionTestExecutionListener@38bc8ab5, org.springframework.test.context.support.DirtiesContextTestExecutionListener@687080dc]
10:13:13.481 [main] DEBUG o.s.t.annotation.ProfileValueUtils - Retrieved @ProfileValueSourceConfiguration [null] for test class [com.cms.til.graph.janus.JanusMultipleEdgesTest]
10:13:13.481 [main] DEBUG o.s.t.annotation.ProfileValueUtils - Retrieved ProfileValueSource type [class org.springframework.test.annotation.SystemProfileValueSource] for class [com.cms.til.graph.janus.JanusMultipleEdgesTest]
10:13:13.482 [main] DEBUG o.s.t.annotation.ProfileValueUtils - Retrieved @ProfileValueSourceConfiguration [null] for test class [com.cms.til.graph.janus.JanusMultipleEdgesTest]
10:13:13.482 [main] DEBUG o.s.t.annotation.ProfileValueUtils - Retrieved ProfileValueSource type [class org.springframework.test.annotation.SystemProfileValueSource] for class [com.cms.til.graph.janus.JanusMultipleEdgesTest]
10:13:13.485 [main] DEBUG o.s.t.c.s.AbstractDirtiesContextTestExecutionListener - Before test class: context [DefaultTestContext@4923ab24 testClass = JanusMultipleEdgesTest, testInstance = [null], testMethod = [null], testException = [null], mergedContextConfiguration = [MergedContextConfiguration@44c8afef testClass = JanusMultipleEdgesTest, locations = &apos;{}&apos;, classes = &apos;{class com.cms.til.graph.janus.BeanConfig}&apos;, contextInitializerClasses = &apos;[]&apos;, activeProfiles = &apos;{}&apos;, propertySourceLocations = &apos;{}&apos;, propertySourceProperties = &apos;{}&apos;, contextLoader = &apos;org.springframework.test.context.support.DelegatingSmartContextLoader&apos;, parent = [null]]], class annotated with @DirtiesContext [false] with mode [null].
10:13:13.485 [main] DEBUG o.s.t.annotation.ProfileValueUtils - Retrieved @ProfileValueSourceConfiguration [null] for test class [com.cms.til.graph.janus.JanusMultipleEdgesTest]
10:13:13.485 [main] DEBUG o.s.t.annotation.ProfileValueUtils - Retrieved ProfileValueSource type [class org.springframework.test.annotation.SystemProfileValueSource] for class [com.cms.til.graph.janus.JanusMultipleEdgesTest]
10:13:13.486 [main] DEBUG o.s.t.c.s.DependencyInjectionTestExecutionListener - Performing dependency injection for test context [[DefaultTestContext@4923ab24 testClass = JanusMultipleEdgesTest, testInstance = com.cms.til.graph.janus.JanusMultipleEdgesTest@1e7c7811, testMethod = [null], testException = [null], mergedContextConfiguration = [MergedContextConfiguration@44c8afef testClass = JanusMultipleEdgesTest, locations = &apos;{}&apos;, classes = &apos;{class com.cms.til.graph.janus.BeanConfig}&apos;, contextInitializerClasses = &apos;[]&apos;, activeProfiles = &apos;{}&apos;, propertySourceLocations = &apos;{}&apos;, propertySourceProperties = &apos;{}&apos;, contextLoader = &apos;org.springframework.test.context.support.DelegatingSmartContextLoader&apos;, parent = [null]]]].
10:13:13.487 [main] DEBUG o.s.t.c.s.AbstractDelegatingSmartContextLoader - Delegating to AnnotationConfigContextLoader to load context from [MergedContextConfiguration@44c8afef testClass = JanusMultipleEdgesTest, locations = &apos;{}&apos;, classes = &apos;{class com.cms.til.graph.janus.BeanConfig}&apos;, contextInitializerClasses = &apos;[]&apos;, activeProfiles = &apos;{}&apos;, propertySourceLocations = &apos;{}&apos;, propertySourceProperties = &apos;{}&apos;, contextLoader = &apos;org.springframework.test.context.support.DelegatingSmartContextLoader&apos;, parent = [null]].
10:13:13.487 [main] DEBUG o.s.t.c.s.AbstractGenericContextLoader - Loading ApplicationContext for merged context configuration [[MergedContextConfiguration@44c8afef testClass = JanusMultipleEdgesTest, locations = &apos;{}&apos;, classes = &apos;{class com.cms.til.graph.janus.BeanConfig}&apos;, contextInitializerClasses = &apos;[]&apos;, activeProfiles = &apos;{}&apos;, propertySourceLocations = &apos;{}&apos;, propertySourceProperties = &apos;{}&apos;, contextLoader = &apos;org.springframework.test.context.support.DelegatingSmartContextLoader&apos;, parent = [null]]].
10:13:13.557 [main] DEBUG o.s.core.env.StandardEnvironment - Adding [systemProperties] PropertySource with lowest search precedence
10:13:13.558 [main] DEBUG o.s.core.env.StandardEnvironment - Adding [systemEnvironment] PropertySource with lowest search precedence
10:13:13.559 [main] DEBUG o.s.core.env.StandardEnvironment - Initialized StandardEnvironment with PropertySources [systemProperties,systemEnvironment]
10:13:13.559 [main] DEBUG o.s.t.c.s.AnnotationConfigContextLoader - Registering annotated classes: {class com.cms.til.graph.janus.BeanConfig}
10:13:13.588 [main] INFO  o.s.c.s.GenericApplicationContext - Refreshing org.springframework.context.support.GenericApplicationContext@c81cdd1: startup date [Fri Jan 19 10:13:13 PST 2018]; root of context hierarchy
10:13:13.588 [main] DEBUG o.s.c.s.GenericApplicationContext - Bean factory for org.springframework.context.support.GenericApplicationContext@c81cdd1: org.springframework.beans.factory.support.DefaultListableBeanFactory@6107227e: defining beans [org.springframework.context.annotation.internalConfigurationAnnotationProcessor,org.springframework.context.annotation.internalAutowiredAnnotationProcessor,org.springframework.context.annotation.internalRequiredAnnotationProcessor,org.springframework.context.annotation.internalCommonAnnotationProcessor,org.springframework.context.event.internalEventListenerProcessor,org.springframework.context.event.internalEventListenerFactory,beanConfig]; root of factory hierarchy
10:13:13.597 [main] DEBUG o.s.b.f.s.DefaultListableBeanFactory - Creating shared instance of singleton bean &apos;org.springframework.context.annotation.internalConfigurationAnnotationProcessor&apos;
10:13:13.597 [main] DEBUG o.s.b.f.s.DefaultListableBeanFactory - Creating instance of bean &apos;org.springframework.context.annotation.internalConfigurationAnnotationProcessor&apos;
10:13:13.613 [main] DEBUG o.s.b.f.s.DefaultListableBeanFactory - Eagerly caching bean &apos;org.springframework.context.annotation.internalConfigurationAnnotationProcessor&apos; to allow for resolving potential circular references
10:13:13.614 [main] DEBUG o.s.b.f.s.DefaultListableBeanFactory - Finished creating instance of bean &apos;org.springframework.context.annotation.internalConfigurationAnnotationProcessor&apos;
10:13:13.635 [main] DEBUG o.s.c.a.ConfigurationClassBeanDefinitionReader - Registering bean definition for @Bean method com.cms.til.graph.janus.BeanConfig.properties()
10:13:13.705 [main] DEBUG o.s.c.a.ConfigurationClassEnhancer - Successfully enhanced com.cms.til.graph.janus.BeanConfig; enhanced class name is: com.cms.til.graph.janus.BeanConfig$$EnhancerBySpringCGLIB$$5eee4573
10:13:13.705 [main] DEBUG o.s.c.a.ConfigurationClassPostProcessor - Replacing bean definition &apos;beanConfig&apos; existing class &apos;com.cms.til.graph.janus.BeanConfig&apos; with enhanced class &apos;com.cms.til.graph.janus.BeanConfig$$EnhancerBySpringCGLIB$$5eee4573&apos;
10:13:13.706 [main] DEBUG o.s.b.f.s.DefaultListableBeanFactory - Creating shared instance of singleton bean &apos;org.springframework.context.annotation.internalAutowiredAnnotationProcessor&apos;
10:13:13.706 [main] DEBUG o.s.b.f.s.DefaultListableBeanFactory - Creating instance of bean &apos;org.springframework.context.annotation.internalAutowiredAnnotationProcessor&apos;
10:13:13.706 [main] DEBUG o.s.b.f.s.DefaultListableBeanFactory - Eagerly caching bean &apos;org.springframework.context.annotation.internalAutowiredAnnotationProcessor&apos; to allow for resolving potential circular references
10:13:13.706 [main] DEBUG o.s.b.f.s.DefaultListableBeanFactory - Finished creating instance of bean &apos;org.springframework.context.annotation.internalAutowiredAnnotationProcessor&apos;
10:13:13.707 [main] DEBUG o.s.b.f.s.DefaultListableBeanFactory - Creating shared instance of singleton bean &apos;org.springframework.context.annotation.internalRequiredAnnotationProcessor&apos;
10:13:13.707 [main] DEBUG o.s.b.f.s.DefaultListableBeanFactory - Creating instance of bean &apos;org.springframework.context.annotation.internalRequiredAnnotationProcessor&apos;
10:13:13.707 [main] DEBUG o.s.b.f.s.DefaultListableBeanFactory - Eagerly caching bean &apos;org.springframework.context.annotation.internalRequiredAnnotationProcessor&apos; to allow for resolving potential circular references
10:13:13.707 [main] DEBUG o.s.b.f.s.DefaultListableBeanFactory - Finished creating instance of bean &apos;org.springframework.context.annotation.internalRequiredAnnotationProcessor&apos;
10:13:13.707 [main] DEBUG o.s.b.f.s.DefaultListableBeanFactory - Creating shared instance of singleton bean &apos;org.springframework.context.annotation.internalCommonAnnotationProcessor&apos;
10:13:13.707 [main] DEBUG o.s.b.f.s.DefaultListableBeanFactory - Creating instance of bean &apos;org.springframework.context.annotation.internalCommonAnnotationProcessor&apos;
10:13:13.710 [main] DEBUG o.s.b.f.s.DefaultListableBeanFactory - Eagerly caching bean &apos;org.springframework.context.annotation.internalCommonAnnotationProcessor&apos; to allow for resolving potential circular references
10:13:13.710 [main] DEBUG o.s.b.f.s.DefaultListableBeanFactory - Finished creating instance of bean &apos;org.springframework.context.annotation.internalCommonAnnotationProcessor&apos;
10:13:13.710 [main] DEBUG o.s.b.f.s.DefaultListableBeanFactory - Creating shared instance of singleton bean &apos;org.springframework.context.annotation.ConfigurationClassPostProcessor.importAwareProcessor&apos;
10:13:13.710 [main] DEBUG o.s.b.f.s.DefaultListableBeanFactory - Creating instance of bean &apos;org.springframework.context.annotation.ConfigurationClassPostProcessor.importAwareProcessor&apos;
10:13:13.710 [main] DEBUG o.s.b.f.s.DefaultListableBeanFactory - Eagerly caching bean &apos;org.springframework.context.annotation.ConfigurationClassPostProcessor.importAwareProcessor&apos; to allow for resolving potential circular references
10:13:13.710 [main] DEBUG o.s.b.f.s.DefaultListableBeanFactory - Finished creating instance of bean &apos;org.springframework.context.annotation.ConfigurationClassPostProcessor.importAwareProcessor&apos;
10:13:13.710 [main] DEBUG o.s.b.f.s.DefaultListableBeanFactory - Creating shared instance of singleton bean &apos;org.springframework.context.annotation.ConfigurationClassPostProcessor.enhancedConfigurationProcessor&apos;
10:13:13.710 [main] DEBUG o.s.b.f.s.DefaultListableBeanFactory - Creating instance of bean &apos;org.springframework.context.annotation.ConfigurationClassPostProcessor.enhancedConfigurationProcessor&apos;
10:13:13.710 [main] DEBUG o.s.b.f.s.DefaultListableBeanFactory - Eagerly caching bean &apos;org.springframework.context.annotation.ConfigurationClassPostProcessor.enhancedConfigurationProcessor&apos; to allow for resolving potential circular references
10:13:13.710 [main] DEBUG o.s.b.f.s.DefaultListableBeanFactory - Finished creating instance of bean &apos;org.springframework.context.annotation.ConfigurationClassPostProcessor.enhancedConfigurationProcessor&apos;
10:13:13.712 [main] DEBUG o.s.c.s.GenericApplicationContext - Unable to locate MessageSource with name &apos;messageSource&apos;: using default [org.springframework.context.support.DelegatingMessageSource@77888435]
10:13:13.713 [main] DEBUG o.s.c.s.GenericApplicationContext - Unable to locate ApplicationEventMulticaster with name &apos;applicationEventMulticaster&apos;: using default [org.springframework.context.event.SimpleApplicationEventMulticaster@1bb5a082]
10:13:13.714 [main] DEBUG o.s.b.f.s.DefaultListableBeanFactory - Pre-instantiating singletons in org.springframework.beans.factory.support.DefaultListableBeanFactory@6107227e: defining beans [org.springframework.context.annotation.internalConfigurationAnnotationProcessor,org.springframework.context.annotation.internalAutowiredAnnotationProcessor,org.springframework.context.annotation.internalRequiredAnnotationProcessor,org.springframework.context.annotation.internalCommonAnnotationProcessor,org.springframework.context.event.internalEventListenerProcessor,org.springframework.context.event.internalEventListenerFactory,beanConfig,org.springframework.context.annotation.ConfigurationClassPostProcessor.importAwareProcessor,org.springframework.context.annotation.ConfigurationClassPostProcessor.enhancedConfigurationProcessor,properties]; root of factory hierarchy
10:13:13.714 [main] DEBUG o.s.b.f.s.DefaultListableBeanFactory - Returning cached instance of singleton bean &apos;org.springframework.context.annotation.internalConfigurationAnnotationProcessor&apos;
10:13:13.714 [main] DEBUG o.s.b.f.s.DefaultListableBeanFactory - Returning cached instance of singleton bean &apos;org.springframework.context.annotation.internalAutowiredAnnotationProcessor&apos;
10:13:13.714 [main] DEBUG o.s.b.f.s.DefaultListableBeanFactory - Returning cached instance of singleton bean &apos;org.springframework.context.annotation.internalRequiredAnnotationProcessor&apos;
10:13:13.714 [main] DEBUG o.s.b.f.s.DefaultListableBeanFactory - Returning cached instance of singleton bean &apos;org.springframework.context.annotation.internalCommonAnnotationProcessor&apos;
10:13:13.714 [main] DEBUG o.s.b.f.s.DefaultListableBeanFactory - Creating shared instance of singleton bean &apos;org.springframework.context.event.internalEventListenerProcessor&apos;
10:13:13.714 [main] DEBUG o.s.b.f.s.DefaultListableBeanFactory - Creating instance of bean &apos;org.springframework.context.event.internalEventListenerProcessor&apos;
10:13:13.719 [main] DEBUG o.s.b.f.s.DefaultListableBeanFactory - Eagerly caching bean &apos;org.springframework.context.event.internalEventListenerProcessor&apos; to allow for resolving potential circular references
10:13:13.731 [main] DEBUG o.s.b.f.s.DefaultListableBeanFactory - Finished creating instance of bean &apos;org.springframework.context.event.internalEventListenerProcessor&apos;
10:13:13.731 [main] DEBUG o.s.b.f.s.DefaultListableBeanFactory - Creating shared instance of singleton bean &apos;org.springframework.context.event.internalEventListenerFactory&apos;
10:13:13.731 [main] DEBUG o.s.b.f.s.DefaultListableBeanFactory - Creating instance of bean &apos;org.springframework.context.event.internalEventListenerFactory&apos;
10:13:13.731 [main] DEBUG o.s.b.f.s.DefaultListableBeanFactory - Eagerly caching bean &apos;org.springframework.context.event.internalEventListenerFactory&apos; to allow for resolving potential circular references
10:13:13.732 [main] DEBUG o.s.b.f.s.DefaultListableBeanFactory - Finished creating instance of bean &apos;org.springframework.context.event.internalEventListenerFactory&apos;
10:13:13.733 [main] DEBUG o.s.b.f.s.DefaultListableBeanFactory - Creating shared instance of singleton bean &apos;beanConfig&apos;
10:13:13.733 [main] DEBUG o.s.b.f.s.DefaultListableBeanFactory - Creating instance of bean &apos;beanConfig&apos;
10:13:13.733 [main] DEBUG o.s.b.f.s.DefaultListableBeanFactory - Eagerly caching bean &apos;beanConfig&apos; to allow for resolving potential circular references
10:13:13.736 [main] DEBUG o.s.b.f.s.DefaultListableBeanFactory - Finished creating instance of bean &apos;beanConfig&apos;
10:13:13.736 [main] DEBUG o.s.b.f.s.DefaultListableBeanFactory - Returning cached instance of singleton bean &apos;org.springframework.context.annotation.ConfigurationClassPostProcessor.importAwareProcessor&apos;
10:13:13.737 [main] DEBUG o.s.b.f.s.DefaultListableBeanFactory - Returning cached instance of singleton bean &apos;org.springframework.context.annotation.ConfigurationClassPostProcessor.enhancedConfigurationProcessor&apos;
10:13:13.737 [main] DEBUG o.s.b.f.s.DefaultListableBeanFactory - Creating shared instance of singleton bean &apos;properties&apos;
10:13:13.737 [main] DEBUG o.s.b.f.s.DefaultListableBeanFactory - Creating instance of bean &apos;properties&apos;
10:13:13.738 [main] DEBUG o.s.b.f.s.DefaultListableBeanFactory - Returning cached instance of singleton bean &apos;beanConfig&apos;
10:13:13.752 [main] DEBUG o.s.b.f.s.DefaultListableBeanFactory - Eagerly caching bean &apos;properties&apos; to allow for resolving potential circular references
10:13:13.756 [main] DEBUG o.s.b.f.s.DefaultListableBeanFactory - Finished creating instance of bean &apos;properties&apos;
10:13:13.757 [main] DEBUG o.s.b.f.s.DefaultListableBeanFactory - Returning cached instance of singleton bean &apos;org.springframework.context.event.internalEventListenerFactory&apos;
10:13:13.769 [main] DEBUG o.s.c.s.GenericApplicationContext - Unable to locate LifecycleProcessor with name &apos;lifecycleProcessor&apos;: using default [org.springframework.context.support.DefaultLifecycleProcessor@131ef10]
10:13:13.769 [main] DEBUG o.s.b.f.s.DefaultListableBeanFactory - Returning cached instance of singleton bean &apos;lifecycleProcessor&apos;
10:13:13.771 [main] DEBUG o.s.c.e.PropertySourcesPropertyResolver - Searching for key &apos;spring.liveBeansView.mbeanDomain&apos; in [systemProperties]
10:13:13.771 [main] DEBUG o.s.c.e.PropertySourcesPropertyResolver - Searching for key &apos;spring.liveBeansView.mbeanDomain&apos; in [systemEnvironment]
10:13:13.771 [main] DEBUG o.s.c.e.PropertySourcesPropertyResolver - Could not find key &apos;spring.liveBeansView.mbeanDomain&apos; in any property source. Returning [null]
10:13:13.773 [main] DEBUG o.s.t.c.c.DefaultCacheAwareContextLoaderDelegate - Storing ApplicationContext in cache under key [[MergedContextConfiguration@44c8afef testClass = JanusMultipleEdgesTest, locations = &apos;{}&apos;, classes = &apos;{class com.cms.til.graph.janus.BeanConfig}&apos;, contextInitializerClasses = &apos;[]&apos;, activeProfiles = &apos;{}&apos;, propertySourceLocations = &apos;{}&apos;, propertySourceProperties = &apos;{}&apos;, contextLoader = &apos;org.springframework.test.context.support.DelegatingSmartContextLoader&apos;, parent = [null]]]
10:13:13.773 [main] DEBUG o.springframework.test.context.cache - Spring test ApplicationContext cache statistics: [DefaultContextCache@3d34d211 size = 1, parentContextCount = 0, hitCount = 0, missCount = 1]
10:13:13.775 [main] DEBUG o.s.b.f.annotation.InjectionMetadata - Processing injected element of bean &apos;com.cms.til.graph.janus.JanusMultipleEdgesTest&apos;: AutowiredFieldElement for private java.util.Properties com.cms.til.graph.janus.JanusMultipleEdgesTest.properties
10:13:13.777 [main] DEBUG o.s.b.f.s.DefaultListableBeanFactory - Returning cached instance of singleton bean &apos;properties&apos;
10:13:13.777 [main] DEBUG o.s.b.f.s.DefaultListableBeanFactory - Returning cached instance of singleton bean &apos;systemProperties&apos;
10:13:13.777 [main] DEBUG o.s.b.f.a.AutowiredAnnotationBeanPostProcessor - Autowiring by type from bean name &apos;com.cms.til.graph.janus.JanusMultipleEdgesTest&apos; to bean named &apos;properties&apos;
10:13:13.780 [main] DEBUG o.s.t.c.s.AbstractDirtiesContextTestExecutionListener - Before test method: context [DefaultTestContext@4923ab24 testClass = JanusMultipleEdgesTest, testInstance = com.cms.til.graph.janus.JanusMultipleEdgesTest@1e7c7811, testMethod = testMultipleEdgesWithSameId@JanusMultipleEdgesTest, testException = [null], mergedContextConfiguration = [MergedContextConfiguration@44c8afef testClass = JanusMultipleEdgesTest, locations = &apos;{}&apos;, classes = &apos;{class com.cms.til.graph.janus.BeanConfig}&apos;, contextInitializerClasses = &apos;[]&apos;, activeProfiles = &apos;{}&apos;, propertySourceLocations = &apos;{}&apos;, propertySourceProperties = &apos;{}&apos;, contextLoader = &apos;org.springframework.test.context.support.DelegatingSmartContextLoader&apos;, parent = [null]]], class annotated with @DirtiesContext [false] with mode [null], method annotated with @DirtiesContext [false] with mode [null].
storage.read-only : false
query.force-index : true
storage.cassandra.frame-size-mb : 300
storage.cassandra.replication-strategy-options : datacenter1, 1
storage.cassandra.replication-strategy-class : org.apache.cassandra.locator.NetworkTopologyStrategy
storage.backend : cassandra
storage.cassandra.keyspace : janustest1
storage.hostname : localhost
10:13:13.952 [main] DEBUG o.j.d.c.a.AstyanaxStoreManager - About to instantiate class public com.netflix.astyanax.connectionpool.impl.FixedRetryBackoffStrategy(int,int) with 2 arguments
10:13:13.953 [main] DEBUG o.j.d.c.a.AstyanaxStoreManager - Instantiated RetryBackoffStrategy object com.netflix.astyanax.connectionpool.impl.FixedRetryBackoffStrategy@7098b907 from config string &quot;com.netflix.astyanax.connectionpool.impl.FixedRetryBackoffStrategy,1000,5000&quot;
10:13:13.954 [main] DEBUG o.j.d.c.a.AstyanaxStoreManager - About to instantiate class public com.netflix.astyanax.retry.BoundedExponentialBackoff(long,long,int) with 3 arguments
10:13:13.955 [main] DEBUG o.j.d.c.a.AstyanaxStoreManager - Instantiated RetryPolicy object com.netflix.astyanax.retry.BoundedExponentialBackoff@3e2055d6[maxSleepTimeMs=25000,MAX_SHIFT=30,random=java.util.Random@50f6ac94,baseSleepTimeMs=100,maxAttempts=8,attempts=0] from config string &quot;com.netflix.astyanax.retry.BoundedExponentialBackoff,100,25000,8&quot;
10:13:13.966 [main] DEBUG o.j.d.c.a.AstyanaxStoreManager - Custom RetryBackoffStrategy com.netflix.astyanax.connectionpool.impl.FixedRetryBackoffStrategy@7098b907
10:13:14.144 [main] INFO  c.n.a.c.i.ConnectionPoolMBeanManager - Registering mbean: com.netflix.MonitoredResources:type=ASTYANAX,name=ClusterJanusGraphConnectionPool,ServiceType=connectionpool
10:13:14.154 [main] INFO  c.n.a.c.i.CountingConnectionPoolMonitor - AddHost: localhost
10:13:14.200 [main] DEBUG o.j.d.c.a.AstyanaxStoreManager - Creating keyspace janustest1...
10:13:14.233 [main] DEBUG o.j.d.c.a.AstyanaxStoreManager - Created keyspace janustest1
10:13:14.233 [main] DEBUG o.j.d.c.a.AstyanaxStoreManager - Custom RetryBackoffStrategy com.netflix.astyanax.connectionpool.impl.FixedRetryBackoffStrategy@7098b907
10:13:14.276 [main] INFO  c.n.a.c.i.ConnectionPoolMBeanManager - Registering mbean: com.netflix.MonitoredResources:type=ASTYANAX,name=KeyspaceJanusGraphConnectionPool,ServiceType=connectionpool
10:13:14.276 [main] INFO  c.n.a.c.i.CountingConnectionPoolMonitor - AddHost: localhost
10:13:14.299 [main] INFO  c.n.a.c.i.CountingConnectionPoolMonitor - AddHost: 127.0.0.1
10:13:14.300 [main] INFO  c.n.a.c.i.CountingConnectionPoolMonitor - RemoveHost: localhost
10:13:14.444 [main] DEBUG o.j.d.cassandra.CassandraTransaction - Created CassandraTransaction@5b40ceb[read=QUORUM,write=QUORUM]
10:13:14.556 [main] DEBUG o.j.d.cassandra.CassandraTransaction - Created CassandraTransaction@3e8f7922[read=QUORUM,write=QUORUM]
10:13:14.636 [main] DEBUG o.j.d.cassandra.CassandraTransaction - Created CassandraTransaction@b40bb6e[read=QUORUM,write=QUORUM]
10:13:14.638 [main] DEBUG o.j.d.cassandra.CassandraTransaction - Created CassandraTransaction@3a94964[read=QUORUM,write=QUORUM]
10:13:14.640 [main] DEBUG o.j.d.cassandra.CassandraTransaction - Created CassandraTransaction@5049d8b2[read=QUORUM,write=QUORUM]
10:13:14.642 [main] DEBUG o.j.d.cassandra.CassandraTransaction - Created CassandraTransaction@6d0b5baf[read=QUORUM,write=QUORUM]
10:13:14.650 [main] DEBUG o.j.d.cassandra.CassandraTransaction - Created CassandraTransaction@2ed3b1f5[read=QUORUM,write=QUORUM]
10:13:14.652 [main] DEBUG o.j.d.cassandra.CassandraTransaction - Created CassandraTransaction@63648ee9[read=QUORUM,write=QUORUM]
10:13:14.654 [main] DEBUG o.j.d.cassandra.CassandraTransaction - Created CassandraTransaction@68d6972f[read=QUORUM,write=QUORUM]
10:13:14.668 [main] INFO  o.j.g.c.GraphDatabaseConfiguration - Set default timestamp provider MICRO
10:13:14.668 [main] DEBUG o.j.d.cassandra.CassandraTransaction - Created CassandraTransaction@eb6449b[read=QUORUM,write=QUORUM]
10:13:14.670 [main] DEBUG o.j.d.cassandra.CassandraTransaction - Created CassandraTransaction@42b64ab8[read=QUORUM,write=QUORUM]
10:13:14.681 [main] INFO  o.j.g.c.GraphDatabaseConfiguration - Generated unique-instance-id=c0a8016135867-Chriss-MBP-21
10:13:14.692 [main] DEBUG o.j.d.c.a.AstyanaxStoreManager - About to instantiate class public com.netflix.astyanax.connectionpool.impl.FixedRetryBackoffStrategy(int,int) with 2 arguments
10:13:14.692 [main] DEBUG o.j.d.c.a.AstyanaxStoreManager - Instantiated RetryBackoffStrategy object com.netflix.astyanax.connectionpool.impl.FixedRetryBackoffStrategy@452ba1db from config string &quot;com.netflix.astyanax.connectionpool.impl.FixedRetryBackoffStrategy,1000,5000&quot;
10:13:14.692 [main] DEBUG o.j.d.c.a.AstyanaxStoreManager - About to instantiate class public com.netflix.astyanax.retry.BoundedExponentialBackoff(long,long,int) with 3 arguments
10:13:14.692 [main] DEBUG o.j.d.c.a.AstyanaxStoreManager - Instantiated RetryPolicy object com.netflix.astyanax.retry.BoundedExponentialBackoff@2289aca5[maxSleepTimeMs=25000,MAX_SHIFT=30,random=java.util.Random@76a36b71,baseSleepTimeMs=100,maxAttempts=8,attempts=0] from config string &quot;com.netflix.astyanax.retry.BoundedExponentialBackoff,100,25000,8&quot;
10:13:14.692 [main] DEBUG o.j.d.c.a.AstyanaxStoreManager - Custom RetryBackoffStrategy com.netflix.astyanax.connectionpool.impl.FixedRetryBackoffStrategy@452ba1db
10:13:14.693 [main] INFO  c.n.a.c.i.ConnectionPoolMBeanManager - Registering mbean: com.netflix.MonitoredResources:type=ASTYANAX,name=ClusterJanusGraphConnectionPool,ServiceType=connectionpool
10:13:14.693 [main] INFO  c.n.a.c.i.CountingConnectionPoolMonitor - AddHost: localhost
10:13:14.695 [main] DEBUG o.j.d.c.a.AstyanaxStoreManager - Found keyspace janustest1
10:13:14.695 [main] DEBUG o.j.d.c.a.AstyanaxStoreManager - Custom RetryBackoffStrategy com.netflix.astyanax.connectionpool.impl.FixedRetryBackoffStrategy@452ba1db
10:13:14.695 [main] INFO  c.n.a.c.i.ConnectionPoolMBeanManager - Registering mbean: com.netflix.MonitoredResources:type=ASTYANAX,name=KeyspaceJanusGraphConnectionPool,ServiceType=connectionpool
10:13:14.696 [main] INFO  c.n.a.c.i.CountingConnectionPoolMonitor - AddHost: localhost
10:13:14.703 [main] INFO  c.n.a.c.i.CountingConnectionPoolMonitor - AddHost: 127.0.0.1
10:13:14.703 [main] INFO  c.n.a.c.i.CountingConnectionPoolMonitor - RemoveHost: localhost
10:13:14.718 [main] INFO  org.janusgraph.diskstorage.Backend - Initiated backend operations thread pool of size 16
10:13:14.938 [main] DEBUG o.j.d.locking.LocalLockMediators - Local lock mediator instantiated for namespace AstyanaxStoreManagerjanustest1
10:13:15.105 [main] DEBUG o.j.d.cassandra.CassandraTransaction - Created CassandraTransaction@593e824f[read=QUORUM,write=QUORUM]
10:13:15.160 [main] DEBUG o.j.d.cassandra.CassandraTransaction - Created CassandraTransaction@64bc21ac[read=QUORUM,write=QUORUM]
10:13:15.223 [main] DEBUG o.j.g.d.idassigner.VertexIDAssigner - Partition IDs? [true], Local Partitions? [false]
10:13:15.226 [main] DEBUG o.j.g.d.i.p.SimpleBulkPlacementStrategy - Setting partition at index [0] to: 9
10:13:15.227 [main] DEBUG o.j.g.d.i.p.SimpleBulkPlacementStrategy - Setting partition at index [1] to: 4
10:13:15.227 [main] DEBUG o.j.g.d.i.p.SimpleBulkPlacementStrategy - Setting partition at index [2] to: 24
10:13:15.227 [main] DEBUG o.j.g.d.i.p.SimpleBulkPlacementStrategy - Setting partition at index [3] to: 25
10:13:15.227 [main] DEBUG o.j.g.d.i.p.SimpleBulkPlacementStrategy - Setting partition at index [4] to: 4
10:13:15.227 [main] DEBUG o.j.g.d.i.p.SimpleBulkPlacementStrategy - Setting partition at index [5] to: 26
10:13:15.227 [main] DEBUG o.j.g.d.i.p.SimpleBulkPlacementStrategy - Setting partition at index [6] to: 10
10:13:15.227 [main] DEBUG o.j.g.d.i.p.SimpleBulkPlacementStrategy - Setting partition at index [7] to: 31
10:13:15.227 [main] DEBUG o.j.g.d.i.p.SimpleBulkPlacementStrategy - Setting partition at index [8] to: 16
10:13:15.227 [main] DEBUG o.j.g.d.i.p.SimpleBulkPlacementStrategy - Setting partition at index [9] to: 20
10:13:15.247 [main] DEBUG o.j.d.cassandra.CassandraTransaction - Created CassandraTransaction@759fad4[read=QUORUM,write=QUORUM]
10:13:15.248 [main] DEBUG o.j.d.cassandra.CassandraTransaction - Created CassandraTransaction@64712be[read=QUORUM,write=QUORUM]
10:13:15.249 [main] DEBUG o.j.d.cassandra.CassandraTransaction - Created CassandraTransaction@782a4fff[read=QUORUM,write=QUORUM]
10:13:15.250 [main] DEBUG o.j.d.cassandra.CassandraTransaction - Created CassandraTransaction@46c670a6[read=QUORUM,write=QUORUM]
10:13:15.254 [main] INFO  o.j.diskstorage.log.kcvs.KCVSLog - Loaded unidentified ReadMarker start time 2018-01-19T18:13:15.254Z into org.janusgraph.diskstorage.log.kcvs.KCVSLog$MessagePuller@4940809c
10:13:15.274 [main] DEBUG o.j.diskstorage.log.kcvs.KCVSLog - Creating log read executor: initialDelay=100000000 delay=5000000000 unit=NANOSECONDS
10:13:15.279 [main] DEBUG o.j.g.database.StandardJanusGraph - Installed shutdown hook Thread[Thread-2,5,main]
java.lang.Throwable: Hook creation trace
	at org.janusgraph.graphdb.database.StandardJanusGraph.&lt;init&gt;(StandardJanusGraph.java:171) [janusgraph-core-0.2.0.jar:na]
	at org.janusgraph.core.JanusGraphFactory.open(JanusGraphFactory.java:164) [janusgraph-core-0.2.0.jar:na]
	at org.janusgraph.core.JanusGraphFactory.open(JanusGraphFactory.java:133) [janusgraph-core-0.2.0.jar:na]
	at org.janusgraph.core.JanusGraphFactory.open(JanusGraphFactory.java:113) [janusgraph-core-0.2.0.jar:na]
	at com.cms.til.graph.janus.JanusMultipleEdgesTest.openGraph(JanusMultipleEdgesTest.java:87) [test-classes/:na]
	at com.cms.til.graph.janus.JanusMultipleEdgesTest.createJanusGraphAndUpdateEdge(JanusMultipleEdgesTest.java:34) [test-classes/:na]
	at sun.reflect.NativeMethodAccessorImpl.invoke0(Native Method) ~[na:1.8.0_151]
	at sun.reflect.NativeMethodAccessorImpl.invoke(NativeMethodAccessorImpl.java:62) ~[na:1.8.0_151]
	at sun.reflect.DelegatingMethodAccessorImpl.invoke(DelegatingMethodAccessorImpl.java:43) ~[na:1.8.0_151]
	at java.lang.reflect.Method.invoke(Method.java:498) ~[na:1.8.0_151]
	at org.junit.runners.model.FrameworkMethod$1.runReflectiveCall(FrameworkMethod.java:50) [junit-4.12.jar:4.12]
	at org.junit.internal.runners.model.ReflectiveCallable.run(ReflectiveCallable.java:12) [junit-4.12.jar:4.12]
	at org.junit.runners.model.FrameworkMethod.invokeExplosively(FrameworkMethod.java:47) [junit-4.12.jar:4.12]
	at org.junit.internal.runners.statements.RunBefores.evaluate(RunBefores.java:24) [junit-4.12.jar:4.12]
	at org.springframework.test.context.junit4.statements.RunBeforeTestMethodCallbacks.evaluate(RunBeforeTestMethodCallbacks.java:75) [spring-test-4.2.4.RELEASE.jar:4.2.4.RELEASE]
	at org.junit.internal.runners.statements.RunAfters.evaluate(RunAfters.java:27) [junit-4.12.jar:4.12]
	at org.springframework.test.context.junit4.statements.RunAfterTestMethodCallbacks.evaluate(RunAfterTestMethodCallbacks.java:86) [spring-test-4.2.4.RELEASE.jar:4.2.4.RELEASE]
	at org.springframework.test.context.junit4.statements.SpringRepeat.evaluate(SpringRepeat.java:84) [spring-test-4.2.4.RELEASE.jar:4.2.4.RELEASE]
	at org.junit.runners.ParentRunner.runLeaf(ParentRunner.java:325) [junit-4.12.jar:4.12]
	at org.springframework.test.context.junit4.SpringJUnit4ClassRunner.runChild(SpringJUnit4ClassRunner.java:254) [spring-test-4.2.4.RELEASE.jar:4.2.4.RELEASE]
	at org.springframework.test.context.junit4.SpringJUnit4ClassRunner.runChild(SpringJUnit4ClassRunner.java:89) [spring-test-4.2.4.RELEASE.jar:4.2.4.RELEASE]
	at org.junit.runners.ParentRunner$3.run(ParentRunner.java:290) [junit-4.12.jar:4.12]
	at org.junit.runners.ParentRunner$1.schedule(ParentRunner.java:71) [junit-4.12.jar:4.12]
	at org.junit.runners.ParentRunner.runChildren(ParentRunner.java:288) [junit-4.12.jar:4.12]
	at org.junit.runners.ParentRunner.access$000(ParentRunner.java:58) [junit-4.12.jar:4.12]
	at org.junit.runners.ParentRunner$2.evaluate(ParentRunner.java:268) [junit-4.12.jar:4.12]
	at org.springframework.test.context.junit4.statements.RunBeforeTestClassCallbacks.evaluate(RunBeforeTestClassCallbacks.java:61) [spring-test-4.2.4.RELEASE.jar:4.2.4.RELEASE]
	at org.springframework.test.context.junit4.statements.RunAfterTestClassCallbacks.evaluate(RunAfterTestClassCallbacks.java:70) [spring-test-4.2.4.RELEASE.jar:4.2.4.RELEASE]
	at org.junit.runners.ParentRunner.run(ParentRunner.java:363) [junit-4.12.jar:4.12]
	at org.springframework.test.context.junit4.SpringJUnit4ClassRunner.run(SpringJUnit4ClassRunner.java:193) [spring-test-4.2.4.RELEASE.jar:4.2.4.RELEASE]
	at org.apache.maven.surefire.junit4.JUnit4Provider.execute(JUnit4Provider.java:252) [surefire-junit4-2.12.4.jar:2.12.4]
	at org.apache.maven.surefire.junit4.JUnit4Provider.executeTestSet(JUnit4Provider.java:141) [surefire-junit4-2.12.4.jar:2.12.4]
	at org.apache.maven.surefire.junit4.JUnit4Provider.invoke(JUnit4Provider.java:112) [surefire-junit4-2.12.4.jar:2.12.4]
	at sun.reflect.NativeMethodAccessorImpl.invoke0(Native Method) ~[na:1.8.0_151]
	at sun.reflect.NativeMethodAccessorImpl.invoke(NativeMethodAccessorImpl.java:62) ~[na:1.8.0_151]
	at sun.reflect.DelegatingMethodAccessorImpl.invoke(DelegatingMethodAccessorImpl.java:43) ~[na:1.8.0_151]
	at java.lang.reflect.Method.invoke(Method.java:498) ~[na:1.8.0_151]
	at org.apache.maven.surefire.util.ReflectionUtils.invokeMethodWithArray(ReflectionUtils.java:189) [surefire-api-2.12.4.jar:2.12.4]
	at org.apache.maven.surefire.booter.ProviderFactory$ProviderProxy.invoke(ProviderFactory.java:165) [surefire-booter-2.12.4.jar:2.12.4]
	at org.apache.maven.surefire.booter.ProviderFactory.invokeProvider(ProviderFactory.java:85) [surefire-booter-2.12.4.jar:2.12.4]
	at org.apache.maven.surefire.booter.ForkedBooter.runSuitesInProcess(ForkedBooter.java:115) [surefire-booter-2.12.4.jar:2.12.4]
	at org.apache.maven.surefire.booter.ForkedBooter.main(ForkedBooter.java:75) [surefire-booter-2.12.4.jar:2.12.4]
Staring creating properties and their indexes
10:13:15.310 [main] DEBUG o.j.g.t.StandardJanusGraphTx - Guava vertex cache size: requested=20000 effective=20000 (min=100)
10:13:15.310 [main] DEBUG o.j.g.t.vertexcache.GuavaVertexCache - Created dirty vertex map with initial size 32
10:13:15.311 [main] DEBUG o.j.g.t.vertexcache.GuavaVertexCache - Created vertex cache with max size 20000
10:13:15.312 [main] DEBUG o.j.d.cassandra.CassandraTransaction - Created CassandraTransaction@21ca139c[read=QUORUM,write=QUORUM]
10:13:15.312 [main] DEBUG o.j.d.cassandra.CassandraTransaction - Created CassandraTransaction@226f885f[read=QUORUM,write=QUORUM]
10:13:15.318 [main] DEBUG o.j.g.t.StandardJanusGraphTx - Guava vertex cache size: requested=20000 effective=20000 (min=100)
10:13:15.318 [main] DEBUG o.j.g.t.vertexcache.GuavaVertexCache - Created dirty vertex map with initial size 32
10:13:15.318 [main] DEBUG o.j.g.t.vertexcache.GuavaVertexCache - Created vertex cache with max size 20000
10:13:15.326 [main] DEBUG o.j.d.cassandra.CassandraTransaction - Created CassandraTransaction@62f87c44[read=QUORUM,write=QUORUM]
10:13:15.326 [main] DEBUG o.j.d.cassandra.CassandraTransaction - Created CassandraTransaction@48f5bde6[read=QUORUM,write=QUORUM]
10:13:15.371 [main] DEBUG o.j.g.d.idassigner.StandardIDPool - Starting id block renewal thread upon 0
10:13:15.374 [JanusGraphID(0)(4)[0]] DEBUG o.j.d.cassandra.CassandraTransaction - Created CassandraTransaction@6aec99ac[read=QUORUM,write=QUORUM]
10:13:15.375 [JanusGraphID(0)(4)[0]] DEBUG o.j.d.cassandra.CassandraTransaction - Created CassandraTransaction@4fc1e5da[read=QUORUM,write=QUORUM]
10:13:15.375 [pool-19-thread-1] DEBUG o.j.diskstorage.log.kcvs.KCVSLog - MessagePuller configured with ReadMarker timestamp slightly ahead of read lag time; waiting for the clock to catch up
10:13:15.711 [JanusGraphID(0)(4)[0]] DEBUG o.j.d.cassandra.CassandraTransaction - Created CassandraTransaction@5820fac9[read=QUORUM,write=QUORUM]
10:13:15.713 [JanusGraphID(0)(4)[0]] DEBUG o.j.d.i.ConsistentKeyIDAuthority - Acquired ID block [[1,51)/0:4] on partition(0)-namespace(4) (my rid is c0a8016135867-Chriss-MBP-21)
10:13:15.714 [JanusGraphID(0)(4)[0]] DEBUG o.j.g.d.idassigner.StandardIDPool - Retrieved ID block from authority on partition(0)-namespace(4), exec time 340.7 ms, exec+q time 341.0 ms
10:13:15.715 [main] DEBUG o.j.g.d.idassigner.StandardIDPool - ID partition(0)-namespace(4) acquired block: [[1,51)/0:4]
10:13:15.715 [main] DEBUG o.j.g.d.idassigner.StandardIDPool - Starting id block renewal thread upon 0
10:13:15.716 [JanusGraphID(0)(4)[0]] DEBUG o.j.d.cassandra.CassandraTransaction - Created CassandraTransaction@7f2a3174[read=QUORUM,write=QUORUM]
10:13:15.717 [JanusGraphID(0)(4)[0]] DEBUG o.j.d.cassandra.CassandraTransaction - Created CassandraTransaction@ef78d1f[read=QUORUM,write=QUORUM]
10:13:15.733 [main] DEBUG o.j.g.d.idassigner.StandardIDPool - Starting id block renewal thread upon 0
10:13:16.055 [JanusGraphID(0)(4)[0]] DEBUG o.j.d.cassandra.CassandraTransaction - Created CassandraTransaction@2a091382[read=QUORUM,write=QUORUM]
10:13:16.056 [JanusGraphID(0)(4)[0]] DEBUG o.j.d.i.ConsistentKeyIDAuthority - Acquired ID block [[51,101)/0:4] on partition(0)-namespace(4) (my rid is c0a8016135867-Chriss-MBP-21)
10:13:16.057 [JanusGraphID(0)(4)[0]] DEBUG o.j.g.d.idassigner.StandardIDPool - Retrieved ID block from authority on partition(0)-namespace(4), exec time 341.1 ms, exec+q time 341.2 ms
10:13:16.057 [JanusGraphID(0)(3)[0]] DEBUG o.j.d.cassandra.CassandraTransaction - Created CassandraTransaction@57ef69f[read=QUORUM,write=QUORUM]
10:13:16.059 [JanusGraphID(0)(3)[0]] DEBUG o.j.d.cassandra.CassandraTransaction - Created CassandraTransaction@bb90840[read=QUORUM,write=QUORUM]
10:13:16.391 [JanusGraphID(0)(3)[0]] DEBUG o.j.d.cassandra.CassandraTransaction - Created CassandraTransaction@f869def[read=QUORUM,write=QUORUM]
10:13:16.393 [JanusGraphID(0)(3)[0]] DEBUG o.j.d.i.ConsistentKeyIDAuthority - Acquired ID block [[1,80001)/0:4] on partition(0)-namespace(3) (my rid is c0a8016135867-Chriss-MBP-21)
10:13:16.393 [JanusGraphID(0)(3)[0]] DEBUG o.j.g.d.idassigner.StandardIDPool - Retrieved ID block from authority on partition(0)-namespace(3), exec time 659.7 ms, exec+q time 660.0 ms
10:13:16.394 [main] DEBUG o.j.g.d.idassigner.StandardIDPool - ID partition(0)-namespace(3) acquired block: [[1,80001)/0:4]
10:13:16.403 [main] DEBUG o.j.g.t.StandardJanusGraphTx - Guava vertex cache size: requested=20000 effective=20000 (min=100)
10:13:16.403 [main] DEBUG o.j.g.t.vertexcache.GuavaVertexCache - Created dirty vertex map with initial size 32
10:13:16.403 [main] DEBUG o.j.g.t.vertexcache.GuavaVertexCache - Created vertex cache with max size 20000
10:13:16.404 [main] DEBUG o.j.d.cassandra.CassandraTransaction - Created CassandraTransaction@3a45c42a[read=QUORUM,write=QUORUM]
10:13:16.404 [main] DEBUG o.j.d.cassandra.CassandraTransaction - Created CassandraTransaction@36dce7ed[read=QUORUM,write=QUORUM]
10:13:16.419 [main] DEBUG o.j.g.t.StandardJanusGraphTx - Guava vertex cache size: requested=20000 effective=20000 (min=100)
10:13:16.419 [main] DEBUG o.j.g.t.vertexcache.GuavaVertexCache - Created dirty vertex map with initial size 32
10:13:16.419 [main] DEBUG o.j.g.t.vertexcache.GuavaVertexCache - Created vertex cache with max size 20000
10:13:16.419 [main] DEBUG o.j.d.cassandra.CassandraTransaction - Created CassandraTransaction@49ef32e0[read=QUORUM,write=QUORUM]
10:13:16.419 [main] DEBUG o.j.d.cassandra.CassandraTransaction - Created CassandraTransaction@271f18d3[read=QUORUM,write=QUORUM]
10:13:16.424 [main] DEBUG o.j.g.t.StandardJanusGraphTx - Guava vertex cache size: requested=20000 effective=20000 (min=100)
10:13:16.424 [main] DEBUG o.j.g.t.vertexcache.GuavaVertexCache - Created dirty vertex map with initial size 32
10:13:16.424 [main] DEBUG o.j.g.t.vertexcache.GuavaVertexCache - Created vertex cache with max size 20000
10:13:16.425 [main] DEBUG o.j.d.cassandra.CassandraTransaction - Created CassandraTransaction@61e3a1fd[read=QUORUM,write=QUORUM]
10:13:16.425 [main] DEBUG o.j.d.cassandra.CassandraTransaction - Created CassandraTransaction@51abf713[read=QUORUM,write=QUORUM]
10:13:16.429 [main] DEBUG o.j.g.t.StandardJanusGraphTx - Guava vertex cache size: requested=20000 effective=20000 (min=100)
10:13:16.429 [main] DEBUG o.j.g.t.vertexcache.GuavaVertexCache - Created dirty vertex map with initial size 32
10:13:16.429 [main] DEBUG o.j.g.t.vertexcache.GuavaVertexCache - Created vertex cache with max size 20000
10:13:16.429 [main] DEBUG o.j.d.cassandra.CassandraTransaction - Created CassandraTransaction@4d4d48a6[read=QUORUM,write=QUORUM]
10:13:16.429 [main] DEBUG o.j.d.cassandra.CassandraTransaction - Created CassandraTransaction@315df4bb[read=QUORUM,write=QUORUM]
10:13:16.433 [main] DEBUG o.j.g.t.StandardJanusGraphTx - Guava vertex cache size: requested=20000 effective=20000 (min=100)
10:13:16.433 [main] DEBUG o.j.g.t.vertexcache.GuavaVertexCache - Created dirty vertex map with initial size 32
10:13:16.433 [main] DEBUG o.j.g.t.vertexcache.GuavaVertexCache - Created vertex cache with max size 20000
10:13:16.433 [main] DEBUG o.j.d.cassandra.CassandraTransaction - Created CassandraTransaction@5cad8b7d[read=QUORUM,write=QUORUM]
10:13:16.433 [main] DEBUG o.j.d.cassandra.CassandraTransaction - Created CassandraTransaction@7b02e036[read=QUORUM,write=QUORUM]
10:13:16.437 [main] DEBUG o.j.g.t.StandardJanusGraphTx - Guava vertex cache size: requested=20000 effective=20000 (min=100)
10:13:16.437 [main] DEBUG o.j.g.t.vertexcache.GuavaVertexCache - Created dirty vertex map with initial size 32
10:13:16.437 [main] DEBUG o.j.g.t.vertexcache.GuavaVertexCache - Created vertex cache with max size 20000
10:13:16.437 [main] DEBUG o.j.d.cassandra.CassandraTransaction - Created CassandraTransaction@1e287667[read=QUORUM,write=QUORUM]
10:13:16.437 [main] DEBUG o.j.d.cassandra.CassandraTransaction - Created CassandraTransaction@2e6ee0bc[read=QUORUM,write=QUORUM]
10:13:16.441 [main] DEBUG o.j.g.t.StandardJanusGraphTx - Guava vertex cache size: requested=20000 effective=20000 (min=100)
10:13:16.441 [main] DEBUG o.j.g.t.vertexcache.GuavaVertexCache - Created dirty vertex map with initial size 32
10:13:16.441 [main] DEBUG o.j.g.t.vertexcache.GuavaVertexCache - Created vertex cache with max size 20000
10:13:16.441 [main] DEBUG o.j.d.cassandra.CassandraTransaction - Created CassandraTransaction@1bb9aa43[read=QUORUM,write=QUORUM]
10:13:16.441 [main] DEBUG o.j.d.cassandra.CassandraTransaction - Created CassandraTransaction@420bc288[read=QUORUM,write=QUORUM]
10:13:16.445 [main] DEBUG o.j.g.t.StandardJanusGraphTx - Guava vertex cache size: requested=20000 effective=20000 (min=100)
10:13:16.446 [main] DEBUG o.j.g.t.vertexcache.GuavaVertexCache - Created dirty vertex map with initial size 32
10:13:16.446 [main] DEBUG o.j.g.t.vertexcache.GuavaVertexCache - Created vertex cache with max size 20000
10:13:16.446 [main] DEBUG o.j.d.cassandra.CassandraTransaction - Created CassandraTransaction@308a6984[read=QUORUM,write=QUORUM]
10:13:16.446 [main] DEBUG o.j.d.cassandra.CassandraTransaction - Created CassandraTransaction@66b72664[read=QUORUM,write=QUORUM]
10:13:16.449 [main] DEBUG o.j.g.t.StandardJanusGraphTx - Guava vertex cache size: requested=20000 effective=20000 (min=100)
10:13:16.449 [main] DEBUG o.j.g.t.vertexcache.GuavaVertexCache - Created dirty vertex map with initial size 32
10:13:16.449 [main] DEBUG o.j.g.t.vertexcache.GuavaVertexCache - Created vertex cache with max size 20000
10:13:16.450 [main] DEBUG o.j.d.cassandra.CassandraTransaction - Created CassandraTransaction@58cd06cb[read=QUORUM,write=QUORUM]
10:13:16.450 [main] DEBUG o.j.d.cassandra.CassandraTransaction - Created CassandraTransaction@3be8821f[read=QUORUM,write=QUORUM]
10:13:16.454 [main] DEBUG o.j.g.t.StandardJanusGraphTx - Guava vertex cache size: requested=20000 effective=20000 (min=100)
10:13:16.454 [main] DEBUG o.j.g.t.vertexcache.GuavaVertexCache - Created dirty vertex map with initial size 32
10:13:16.454 [main] DEBUG o.j.g.t.vertexcache.GuavaVertexCache - Created vertex cache with max size 20000
10:13:16.454 [main] DEBUG o.j.d.cassandra.CassandraTransaction - Created CassandraTransaction@3b65e559[read=QUORUM,write=QUORUM]
10:13:16.454 [main] DEBUG o.j.d.cassandra.CassandraTransaction - Created CassandraTransaction@bae47a0[read=QUORUM,write=QUORUM]
10:13:16.458 [main] DEBUG o.j.g.t.StandardJanusGraphTx - Guava vertex cache size: requested=20000 effective=20000 (min=100)
10:13:16.459 [main] DEBUG o.j.g.t.vertexcache.GuavaVertexCache - Created dirty vertex map with initial size 32
10:13:16.459 [main] DEBUG o.j.g.t.vertexcache.GuavaVertexCache - Created vertex cache with max size 20000
10:13:16.459 [main] DEBUG o.j.d.cassandra.CassandraTransaction - Created CassandraTransaction@85ec632[read=QUORUM,write=QUORUM]
10:13:16.459 [main] DEBUG o.j.d.cassandra.CassandraTransaction - Created CassandraTransaction@1c05a54d[read=QUORUM,write=QUORUM]
10:13:16.463 [main] DEBUG o.j.g.t.StandardJanusGraphTx - Guava vertex cache size: requested=20000 effective=20000 (min=100)
10:13:16.463 [main] DEBUG o.j.g.t.vertexcache.GuavaVertexCache - Created dirty vertex map with initial size 32
10:13:16.463 [main] DEBUG o.j.g.t.vertexcache.GuavaVertexCache - Created vertex cache with max size 20000
10:13:16.463 [main] DEBUG o.j.d.cassandra.CassandraTransaction - Created CassandraTransaction@5fd9b663[read=QUORUM,write=QUORUM]
10:13:16.463 [main] DEBUG o.j.d.cassandra.CassandraTransaction - Created CassandraTransaction@214894fc[read=QUORUM,write=QUORUM]
10:13:16.480 [main] DEBUG o.j.g.database.StandardJanusGraph - Saving transaction. Added 160, removed 0
10:13:16.488 [main] DEBUG o.j.d.cassandra.CassandraTransaction - Created CassandraTransaction@4e7095ac[read=QUORUM,write=QUORUM]
10:13:16.488 [main] DEBUG o.j.d.cassandra.CassandraTransaction - Created CassandraTransaction@251ebf23[read=QUORUM,write=QUORUM]
10:13:16.495 [main] DEBUG o.j.d.l.c.ExpectedValueCheckingStore - Attempting to acquireLock on KeyColumn [k=0x 16-165-160-114-116- 30- 99-109-115-116-121-112-229, c=0x  0] ev=null
10:13:16.497 [main] DEBUG o.j.d.cassandra.CassandraTransaction - Created CassandraTransaction@71b1a49c[read=QUORUM,write=QUORUM]
10:13:16.499 [main] DEBUG o.j.d.l.c.ExpectedValueCheckingTransaction - Store expected value for KeyColumn [k=0x 16-165-160-114-116- 30- 99-109-115-116-121-112-229, c=0x  0]: null
10:13:16.499 [main] DEBUG o.j.d.l.c.ExpectedValueCheckingStore - Attempting to acquireLock on KeyColumn [k=0x 16-165-160-114-116- 30-109-115-105-228, c=0x  0] ev=null
10:13:16.499 [main] DEBUG o.j.d.cassandra.CassandraTransaction - Created CassandraTransaction@9fecdf1[read=QUORUM,write=QUORUM]
10:13:16.501 [main] DEBUG o.j.d.l.c.ExpectedValueCheckingTransaction - Store expected value for KeyColumn [k=0x 16-165-160-114-116- 30-109-115-105-228, c=0x  0]: null
10:13:16.501 [main] DEBUG o.j.d.l.c.ExpectedValueCheckingStore - Attempting to acquireLock on KeyColumn [k=0x 16-165-160-114-116- 30-116-121-112-229, c=0x  0] ev=null
10:13:16.501 [main] DEBUG o.j.d.cassandra.CassandraTransaction - Created CassandraTransaction@3b809711[read=QUORUM,write=QUORUM]
10:13:16.502 [main] DEBUG o.j.d.l.c.ExpectedValueCheckingTransaction - Store expected value for KeyColumn [k=0x 16-165-160-114-116- 30-116-121-112-229, c=0x  0]: null
10:13:16.503 [main] DEBUG o.j.d.l.c.ExpectedValueCheckingStore - Attempting to acquireLock on KeyColumn [k=0x 16-165-160-114-116- 30- 99-114-101- 97-116-101-100- 97-244, c=0x  0] ev=null
10:13:16.503 [main] DEBUG o.j.d.cassandra.CassandraTransaction - Created CassandraTransaction@3b0f7d9d[read=QUORUM,write=QUORUM]
10:13:16.504 [main] DEBUG o.j.d.l.c.ExpectedValueCheckingTransaction - Store expected value for KeyColumn [k=0x 16-165-160-114-116- 30- 99-114-101- 97-116-101-100- 97-244, c=0x  0]: null
10:13:16.504 [main] DEBUG o.j.d.l.c.ExpectedValueCheckingStore - Attempting to acquireLock on KeyColumn [k=0x 16-165-160-114-116- 30-109-115-110- 97-109-229, c=0x  0] ev=null
10:13:16.504 [main] DEBUG o.j.d.cassandra.CassandraTransaction - Created CassandraTransaction@236ab296[read=QUORUM,write=QUORUM]
10:13:16.505 [main] DEBUG o.j.d.l.c.ExpectedValueCheckingTransaction - Store expected value for KeyColumn [k=0x 16-165-160-114-116- 30-109-115-110- 97-109-229, c=0x  0]: null
10:13:16.505 [main] DEBUG o.j.d.l.c.ExpectedValueCheckingStore - Attempting to acquireLock on KeyColumn [k=0x 16-165-160-114-116- 30-104-111-115-116-105-100- 95-229, c=0x  0] ev=null
10:13:16.505 [main] DEBUG o.j.d.cassandra.CassandraTransaction - Created CassandraTransaction@5c84624f[read=QUORUM,write=QUORUM]
10:13:16.507 [main] DEBUG o.j.d.l.c.ExpectedValueCheckingTransaction - Store expected value for KeyColumn [k=0x 16-165-160-114-116- 30-104-111-115-116-105-100- 95-229, c=0x  0]: null
10:13:16.507 [main] DEBUG o.j.d.l.c.ExpectedValueCheckingStore - Attempting to acquireLock on KeyColumn [k=0x 16-165-160-114-116- 30- 99-114-101- 97-116-101-100- 97-116- 95-229, c=0x  0] ev=null
10:13:16.507 [main] DEBUG o.j.d.cassandra.CassandraTransaction - Created CassandraTransaction@63034ed1[read=QUORUM,write=QUORUM]
10:13:16.508 [main] DEBUG o.j.d.l.c.ExpectedValueCheckingTransaction - Store expected value for KeyColumn [k=0x 16-165-160-114-116- 30- 99-114-101- 97-116-101-100- 97-116- 95-229, c=0x  0]: null
10:13:16.508 [main] DEBUG o.j.d.l.c.ExpectedValueCheckingStore - Attempting to acquireLock on KeyColumn [k=0x 16-165-160-114-116- 30- 99-109-115-116-121-112-101- 95-229, c=0x  0] ev=null
10:13:16.508 [main] DEBUG o.j.d.cassandra.CassandraTransaction - Created CassandraTransaction@232024b9[read=QUORUM,write=QUORUM]
10:13:16.509 [main] DEBUG o.j.d.l.c.ExpectedValueCheckingTransaction - Store expected value for KeyColumn [k=0x 16-165-160-114-116- 30- 99-109-115-116-121-112-101- 95-229, c=0x  0]: null
10:13:16.509 [main] DEBUG o.j.d.l.c.ExpectedValueCheckingStore - Attempting to acquireLock on KeyColumn [k=0x 16-165-160-114-116- 30-115-116- 97-116-117-115- 95-229, c=0x  0] ev=null
10:13:16.510 [main] DEBUG o.j.d.cassandra.CassandraTransaction - Created CassandraTransaction@55a8dc49[read=QUORUM,write=QUORUM]
10:13:16.511 [main] DEBUG o.j.d.l.c.ExpectedValueCheckingTransaction - Store expected value for KeyColumn [k=0x 16-165-160-114-116- 30-115-116- 97-116-117-115- 95-229, c=0x  0]: null
10:13:16.511 [main] DEBUG o.j.d.l.c.ExpectedValueCheckingStore - Attempting to acquireLock on KeyColumn [k=0x 16-165-160-114-116- 30-104-110- 97-109-229, c=0x  0] ev=null
10:13:16.511 [main] DEBUG o.j.d.cassandra.CassandraTransaction - Created CassandraTransaction@2a415aa9[read=QUORUM,write=QUORUM]
10:13:16.512 [main] DEBUG o.j.d.l.c.ExpectedValueCheckingTransaction - Store expected value for KeyColumn [k=0x 16-165-160-114-116- 30-104-110- 97-109-229, c=0x  0]: null
10:13:16.512 [main] DEBUG o.j.d.l.c.ExpectedValueCheckingStore - Attempting to acquireLock on KeyColumn [k=0x 16-165-160-114-116- 30-104-114- 97-110-235, c=0x  0] ev=null
10:13:16.512 [main] DEBUG o.j.d.cassandra.CassandraTransaction - Created CassandraTransaction@53cdecf6[read=QUORUM,write=QUORUM]
10:13:16.513 [main] DEBUG o.j.d.l.c.ExpectedValueCheckingTransaction - Store expected value for KeyColumn [k=0x 16-165-160-114-116- 30-104-114- 97-110-235, c=0x  0]: null
10:13:16.514 [main] DEBUG o.j.d.l.c.ExpectedValueCheckingStore - Attempting to acquireLock on KeyColumn [k=0x 16-165-160-103-105- 30- 98-121-109-115-105-228, c=0x  0] ev=null
10:13:16.514 [main] DEBUG o.j.d.cassandra.CassandraTransaction - Created CassandraTransaction@71ea1fda[read=QUORUM,write=QUORUM]
10:13:16.515 [main] DEBUG o.j.d.l.c.ExpectedValueCheckingTransaction - Store expected value for KeyColumn [k=0x 16-165-160-103-105- 30- 98-121-109-115-105-228, c=0x  0]: null
10:13:16.515 [main] DEBUG o.j.d.l.c.ExpectedValueCheckingStore - Attempting to acquireLock on KeyColumn [k=0x 16-165-160-114-116- 30-104-105-101- 95- 99-104-105-108-228, c=0x  0] ev=null
10:13:16.515 [main] DEBUG o.j.d.cassandra.CassandraTransaction - Created CassandraTransaction@62b3df3a[read=QUORUM,write=QUORUM]
10:13:16.517 [main] DEBUG o.j.d.l.c.ExpectedValueCheckingTransaction - Store expected value for KeyColumn [k=0x 16-165-160-114-116- 30-104-105-101- 95- 99-104-105-108-228, c=0x  0]: null
10:13:16.517 [main] DEBUG o.j.d.l.c.ExpectedValueCheckingStore - Attempting to acquireLock on KeyColumn [k=0x 16-165-160-114-116- 30- 56- 50- 49- 51- 58- 84-101-115-116- 69-100-103-101- 73-110-100-101-248, c=0x  0] ev=null
10:13:16.517 [main] DEBUG o.j.d.cassandra.CassandraTransaction - Created CassandraTransaction@420745d7[read=QUORUM,write=QUORUM]
10:13:16.518 [main] DEBUG o.j.d.l.c.ExpectedValueCheckingTransaction - Store expected value for KeyColumn [k=0x 16-165-160-114-116- 30- 56- 50- 49- 51- 58- 84-101-115-116- 69-100-103-101- 73-110-100-101-248, c=0x  0]: null
10:13:16.606 [main] DEBUG o.j.d.l.c.ConsistentKeyLocker - Checked lock KeyColumn [k=0x 16-165-160-114-116- 30-109-115-105-228, c=0x  0]
10:13:16.610 [main] DEBUG o.j.d.l.c.ConsistentKeyLocker - Checked lock KeyColumn [k=0x 16-165-160-114-116- 30- 99-109-115-116-121-112-101- 95-229, c=0x  0]
10:13:16.611 [main] DEBUG o.j.d.l.c.ConsistentKeyLocker - Checked lock KeyColumn [k=0x 16-165-160-114-116- 30- 99-114-101- 97-116-101-100- 97-116- 95-229, c=0x  0]
10:13:16.616 [main] DEBUG o.j.d.l.c.ConsistentKeyLocker - Checked lock KeyColumn [k=0x 16-165-160-103-105- 30- 98-121-109-115-105-228, c=0x  0]
10:13:16.620 [main] DEBUG o.j.d.l.c.ConsistentKeyLocker - Checked lock KeyColumn [k=0x 16-165-160-114-116- 30- 56- 50- 49- 51- 58- 84-101-115-116- 69-100-103-101- 73-110-100-101-248, c=0x  0]
10:13:16.620 [main] DEBUG o.j.d.l.c.ConsistentKeyLocker - Checked lock KeyColumn [k=0x 16-165-160-114-116- 30- 99-109-115-116-121-112-229, c=0x  0]
10:13:16.621 [main] DEBUG o.j.d.l.c.ConsistentKeyLocker - Checked lock KeyColumn [k=0x 16-165-160-114-116- 30- 99-114-101- 97-116-101-100- 97-244, c=0x  0]
10:13:16.622 [main] DEBUG o.j.d.l.c.ConsistentKeyLocker - Checked lock KeyColumn [k=0x 16-165-160-114-116- 30-104-110- 97-109-229, c=0x  0]
10:13:16.623 [main] DEBUG o.j.d.l.c.ConsistentKeyLocker - Checked lock KeyColumn [k=0x 16-165-160-114-116- 30-104-114- 97-110-235, c=0x  0]
10:13:16.624 [main] DEBUG o.j.d.l.c.ConsistentKeyLocker - Checked lock KeyColumn [k=0x 16-165-160-114-116- 30-104-105-101- 95- 99-104-105-108-228, c=0x  0]
10:13:16.625 [main] DEBUG o.j.d.l.c.ConsistentKeyLocker - Checked lock KeyColumn [k=0x 16-165-160-114-116- 30-116-121-112-229, c=0x  0]
10:13:16.627 [main] DEBUG o.j.d.l.c.ConsistentKeyLocker - Checked lock KeyColumn [k=0x 16-165-160-114-116- 30-115-116- 97-116-117-115- 95-229, c=0x  0]
10:13:16.627 [main] DEBUG o.j.d.l.c.ConsistentKeyLocker - Checked lock KeyColumn [k=0x 16-165-160-114-116- 30-109-115-110- 97-109-229, c=0x  0]
10:13:16.628 [main] DEBUG o.j.d.l.c.ConsistentKeyLocker - Checked lock KeyColumn [k=0x 16-165-160-114-116- 30-104-111-115-116-105-100- 95-229, c=0x  0]
10:13:16.636 [main] DEBUG o.j.d.l.c.ExpectedValueCheckingStoreManager - Transaction org.janusgraph.diskstorage.locking.consistentkey.ExpectedValueCheckingTransaction@56bc3fac holds one or more locks: writing using consistent transaction CassandraTransaction@251ebf23[read=QUORUM,write=QUORUM] due to held locks
10:13:16.649 [main] DEBUG o.j.d.cassandra.CassandraTransaction - Created CassandraTransaction@df4b72[read=QUORUM,write=QUORUM]
10:13:16.662 [main] DEBUG o.j.d.cassandra.CassandraTransaction - Created CassandraTransaction@73386d72[read=QUORUM,write=QUORUM]
10:13:16.663 [main] DEBUG o.j.d.cassandra.CassandraTransaction - Created CassandraTransaction@6f330eb9[read=QUORUM,write=QUORUM]
10:13:16.664 [main] DEBUG o.j.d.cassandra.CassandraTransaction - Created CassandraTransaction@125c082e[read=QUORUM,write=QUORUM]
10:13:16.666 [main] DEBUG o.j.d.cassandra.CassandraTransaction - Created CassandraTransaction@584f5497[read=QUORUM,write=QUORUM]
10:13:16.668 [main] DEBUG o.j.d.cassandra.CassandraTransaction - Created CassandraTransaction@68ace111[read=QUORUM,write=QUORUM]
10:13:16.669 [main] DEBUG o.j.d.cassandra.CassandraTransaction - Created CassandraTransaction@1f9d6c7b[read=QUORUM,write=QUORUM]
10:13:16.670 [main] DEBUG o.j.d.cassandra.CassandraTransaction - Created CassandraTransaction@6df20ade[read=QUORUM,write=QUORUM]
10:13:16.671 [main] DEBUG o.j.d.cassandra.CassandraTransaction - Created CassandraTransaction@4fbb001b[read=QUORUM,write=QUORUM]
10:13:16.673 [main] DEBUG o.j.d.cassandra.CassandraTransaction - Created CassandraTransaction@4010d494[read=QUORUM,write=QUORUM]
10:13:16.674 [main] DEBUG o.j.d.cassandra.CassandraTransaction - Created CassandraTransaction@341a8659[read=QUORUM,write=QUORUM]
10:13:16.675 [main] DEBUG o.j.d.cassandra.CassandraTransaction - Created CassandraTransaction@4943defe[read=QUORUM,write=QUORUM]
10:13:16.676 [main] DEBUG o.j.d.cassandra.CassandraTransaction - Created CassandraTransaction@5eefa415[read=QUORUM,write=QUORUM]
10:13:16.677 [main] DEBUG o.j.d.cassandra.CassandraTransaction - Created CassandraTransaction@181d7f28[read=QUORUM,write=QUORUM]
10:13:16.679 [main] DEBUG o.j.d.cassandra.CassandraTransaction - Created CassandraTransaction@cda4919[read=QUORUM,write=QUORUM]
10:13:16.679 [main] DEBUG o.j.d.cassandra.CassandraTransaction - Created CassandraTransaction@7f4d9395[read=QUORUM,write=QUORUM]
10:13:16.681 [main] DEBUG o.j.g.d.management.ManagementSystem - Open instances: [c0a8016135867-Chriss-MBP-21]
10:13:16.685 [main] DEBUG o.j.d.cassandra.CassandraTransaction - Created CassandraTransaction@2a3a299[read=QUORUM,write=QUORUM]
10:13:16.685 [main] DEBUG o.j.diskstorage.log.kcvs.KCVSLog - Preparing to write MessageEnvelope[message=FutureMessage[Message@2018-01-19T18:13:16.682Z:c0a8016135867-Chriss-MBP-21=128-129-129-  4-137],key=  0-  0-  0-  0-  0-  0-  0-  0-  0-231- 97-207,entry=  0-  5- 99- 37-  8-213- 47- 16-160- 99- 48- 97- 56- 48- 49- 54- 49- 51- 53- 56- 54- 55- 45- 67-104-114-105-115-115- 45- 77- 66- 80- 45- 50-177-  0-  0-  0-  0-  0-  0-  0-  1-&gt;128-129-129-  4-137] to storage with column/timestamp 2018-01-19T18:13:16.682Z
10:13:16.686 [main] DEBUG o.j.diskstorage.log.kcvs.KCVSLog - Built mutation on key   0-  0-  0-  0-  0-  0-  0-  0-  0-231- 97-207 with 1 additions
10:13:16.687 [main] DEBUG o.j.diskstorage.log.kcvs.KCVSLog - Wrote 1 total envelopes with operation timestamp 2018-01-19T18:13:16.685Z
10:13:16.687 [main] DEBUG o.j.diskstorage.log.kcvs.KCVSLog - Wrote 1 messages to backend
Staring creating Nodes and their edges
BEGIN createNodesAndEdges
10:13:16.690 [main] DEBUG o.j.g.t.StandardJanusGraphTx - Guava vertex cache size: requested=20000 effective=20000 (min=100)
10:13:16.690 [main] DEBUG o.j.g.t.vertexcache.GuavaVertexCache - Created dirty vertex map with initial size 32
10:13:16.690 [main] DEBUG o.j.g.t.vertexcache.GuavaVertexCache - Created vertex cache with max size 20000
10:13:16.690 [main] DEBUG o.j.d.cassandra.CassandraTransaction - Created CassandraTransaction@62d0ac62[read=QUORUM,write=QUORUM]
10:13:16.690 [main] DEBUG o.j.d.cassandra.CassandraTransaction - Created CassandraTransaction@150d80c4[read=QUORUM,write=QUORUM]
10:13:16.691 [main] DEBUG o.j.g.t.StandardJanusGraphTx - Guava vertex cache size: requested=20000 effective=20000 (min=100)
10:13:16.691 [main] DEBUG o.j.g.t.vertexcache.GuavaVertexCache - Created dirty vertex map with initial size 32
10:13:16.691 [main] DEBUG o.j.g.t.vertexcache.GuavaVertexCache - Created vertex cache with max size 20000
10:13:16.691 [main] DEBUG o.j.d.cassandra.CassandraTransaction - Created CassandraTransaction@1e7f2e0f[read=QUORUM,write=QUORUM]
10:13:16.691 [main] DEBUG o.j.d.cassandra.CassandraTransaction - Created CassandraTransaction@1da6ee17[read=QUORUM,write=QUORUM]
10:13:16.691 [main] DEBUG o.j.g.t.JanusGraphBlueprintsGraph - Created new thread-bound transaction standardjanusgraphtx[0x78d39a69]
10:13:16.697 [main] DEBUG o.j.g.d.idassigner.StandardIDPool - Starting id block renewal thread upon 0
10:13:16.698 [JanusGraphID(24)(0)[0]] DEBUG o.j.d.cassandra.CassandraTransaction - Created CassandraTransaction@4530aaf2[read=QUORUM,write=QUORUM]
10:13:16.698 [JanusGraphID(24)(0)[0]] DEBUG o.j.d.cassandra.CassandraTransaction - Created CassandraTransaction@4bf74c24[read=QUORUM,write=QUORUM]
10:13:17.033 [JanusGraphID(24)(0)[0]] DEBUG o.j.d.cassandra.CassandraTransaction - Created CassandraTransaction@4fc8c182[read=QUORUM,write=QUORUM]
10:13:17.035 [JanusGraphID(24)(0)[0]] DEBUG o.j.d.i.ConsistentKeyIDAuthority - Acquired ID block [[1,10001)/0:4] on partition(24)-namespace(0) (my rid is c0a8016135867-Chriss-MBP-21)
10:13:17.035 [JanusGraphID(24)(0)[0]] DEBUG o.j.g.d.idassigner.StandardIDPool - Retrieved ID block from authority on partition(24)-namespace(0), exec time 337.9 ms, exec+q time 338.1 ms
10:13:17.036 [main] DEBUG o.j.g.d.idassigner.StandardIDPool - ID partition(24)-namespace(0) acquired block: [[1,10001)/0:4]
10:13:17.036 [main] DEBUG o.j.g.d.idassigner.StandardIDPool - Starting id block renewal thread upon 0
10:13:17.037 [JanusGraphID(24)(3)[0]] DEBUG o.j.d.cassandra.CassandraTransaction - Created CassandraTransaction@2255efe5[read=QUORUM,write=QUORUM]
10:13:17.038 [JanusGraphID(24)(3)[0]] DEBUG o.j.d.cassandra.CassandraTransaction - Created CassandraTransaction@2c9215df[read=QUORUM,write=QUORUM]
10:13:17.372 [JanusGraphID(24)(3)[0]] DEBUG o.j.d.cassandra.CassandraTransaction - Created CassandraTransaction@28ad8495[read=QUORUM,write=QUORUM]
10:13:17.374 [JanusGraphID(24)(3)[0]] DEBUG o.j.d.i.ConsistentKeyIDAuthority - Acquired ID block [[1,80001)/0:4] on partition(24)-namespace(3) (my rid is c0a8016135867-Chriss-MBP-21)
10:13:17.374 [JanusGraphID(24)(3)[0]] DEBUG o.j.g.d.idassigner.StandardIDPool - Retrieved ID block from authority on partition(24)-namespace(3), exec time 337.2 ms, exec+q time 337.7 ms
10:13:17.374 [main] DEBUG o.j.g.d.idassigner.StandardIDPool - ID partition(24)-namespace(3) acquired block: [[1,80001)/0:4]
10:13:17.376 [main] DEBUG o.j.g.t.StandardJanusGraphTx - Guava vertex cache size: requested=20000 effective=20000 (min=100)
10:13:17.376 [main] DEBUG o.j.g.t.vertexcache.GuavaVertexCache - Created dirty vertex map with initial size 32
10:13:17.376 [main] DEBUG o.j.g.t.vertexcache.GuavaVertexCache - Created vertex cache with max size 20000
10:13:17.377 [main] DEBUG o.j.d.cassandra.CassandraTransaction - Created CassandraTransaction@7f34a967[read=QUORUM,write=QUORUM]
10:13:17.377 [main] DEBUG o.j.d.cassandra.CassandraTransaction - Created CassandraTransaction@77e80a5e[read=QUORUM,write=QUORUM]
10:13:17.384 [main] DEBUG o.j.g.t.StandardJanusGraphTx - Guava vertex cache size: requested=20000 effective=20000 (min=100)
10:13:17.384 [main] DEBUG o.j.g.t.vertexcache.GuavaVertexCache - Created dirty vertex map with initial size 32
10:13:17.384 [main] DEBUG o.j.g.t.vertexcache.GuavaVertexCache - Created vertex cache with max size 20000
10:13:17.384 [main] DEBUG o.j.d.cassandra.CassandraTransaction - Created CassandraTransaction@6c000e0c[read=QUORUM,write=QUORUM]
10:13:17.384 [main] DEBUG o.j.d.cassandra.CassandraTransaction - Created CassandraTransaction@5f233b26[read=QUORUM,write=QUORUM]
10:13:17.391 [main] DEBUG o.j.g.t.StandardJanusGraphTx - Guava vertex cache size: requested=20000 effective=20000 (min=100)
10:13:17.391 [main] DEBUG o.j.g.t.vertexcache.GuavaVertexCache - Created dirty vertex map with initial size 32
10:13:17.391 [main] DEBUG o.j.g.t.vertexcache.GuavaVertexCache - Created vertex cache with max size 20000
10:13:17.391 [main] DEBUG o.j.d.cassandra.CassandraTransaction - Created CassandraTransaction@47dd778[read=QUORUM,write=QUORUM]
10:13:17.391 [main] DEBUG o.j.d.cassandra.CassandraTransaction - Created CassandraTransaction@15515c51[read=QUORUM,write=QUORUM]
10:13:17.392 [main] DEBUG o.j.g.t.StandardJanusGraphTx - Guava vertex cache size: requested=20000 effective=20000 (min=100)
10:13:17.392 [main] DEBUG o.j.g.t.vertexcache.GuavaVertexCache - Created dirty vertex map with initial size 32
10:13:17.392 [main] DEBUG o.j.g.t.vertexcache.GuavaVertexCache - Created vertex cache with max size 20000
10:13:17.392 [main] DEBUG o.j.d.cassandra.CassandraTransaction - Created CassandraTransaction@64a896b0[read=QUORUM,write=QUORUM]
10:13:17.392 [main] DEBUG o.j.d.cassandra.CassandraTransaction - Created CassandraTransaction@e044b4a[read=QUORUM,write=QUORUM]
10:13:17.394 [main] DEBUG o.j.g.t.StandardJanusGraphTx - Guava vertex cache size: requested=20000 effective=20000 (min=100)
10:13:17.394 [main] DEBUG o.j.g.t.vertexcache.GuavaVertexCache - Created dirty vertex map with initial size 32
10:13:17.394 [main] DEBUG o.j.g.t.vertexcache.GuavaVertexCache - Created vertex cache with max size 20000
10:13:17.394 [main] DEBUG o.j.d.cassandra.CassandraTransaction - Created CassandraTransaction@4604b900[read=QUORUM,write=QUORUM]
10:13:17.394 [main] DEBUG o.j.d.cassandra.CassandraTransaction - Created CassandraTransaction@73d6d0c[read=QUORUM,write=QUORUM]
10:13:17.396 [main] DEBUG o.j.g.t.StandardJanusGraphTx - Guava vertex cache size: requested=20000 effective=20000 (min=100)
10:13:17.396 [main] DEBUG o.j.g.t.vertexcache.GuavaVertexCache - Created dirty vertex map with initial size 32
10:13:17.396 [main] DEBUG o.j.g.t.vertexcache.GuavaVertexCache - Created vertex cache with max size 20000
10:13:17.396 [main] DEBUG o.j.d.cassandra.CassandraTransaction - Created CassandraTransaction@3961a41a[read=QUORUM,write=QUORUM]
10:13:17.396 [main] DEBUG o.j.d.cassandra.CassandraTransaction - Created CassandraTransaction@5a4ed68f[read=QUORUM,write=QUORUM]
10:13:17.397 [main] DEBUG o.j.g.t.StandardJanusGraphTx - Guava vertex cache size: requested=20000 effective=20000 (min=100)
10:13:17.397 [main] DEBUG o.j.g.t.vertexcache.GuavaVertexCache - Created dirty vertex map with initial size 32
10:13:17.397 [main] DEBUG o.j.g.t.vertexcache.GuavaVertexCache - Created vertex cache with max size 20000
10:13:17.397 [main] DEBUG o.j.d.cassandra.CassandraTransaction - Created CassandraTransaction@d2387c8[read=QUORUM,write=QUORUM]
10:13:17.397 [main] DEBUG o.j.d.cassandra.CassandraTransaction - Created CassandraTransaction@3956b302[read=QUORUM,write=QUORUM]
10:13:17.398 [main] DEBUG o.j.g.t.StandardJanusGraphTx - Guava vertex cache size: requested=20000 effective=20000 (min=100)
10:13:17.398 [main] DEBUG o.j.g.t.vertexcache.GuavaVertexCache - Created dirty vertex map with initial size 32
10:13:17.398 [main] DEBUG o.j.g.t.vertexcache.GuavaVertexCache - Created vertex cache with max size 20000
10:13:17.399 [main] DEBUG o.j.d.cassandra.CassandraTransaction - Created CassandraTransaction@29d334c[read=QUORUM,write=QUORUM]
10:13:17.399 [main] DEBUG o.j.d.cassandra.CassandraTransaction - Created CassandraTransaction@100f9bbe[read=QUORUM,write=QUORUM]
10:13:17.401 [main] DEBUG o.j.g.t.StandardJanusGraphTx - Guava vertex cache size: requested=20000 effective=20000 (min=100)
10:13:17.401 [main] DEBUG o.j.g.t.vertexcache.GuavaVertexCache - Created dirty vertex map with initial size 32
10:13:17.401 [main] DEBUG o.j.g.t.vertexcache.GuavaVertexCache - Created vertex cache with max size 20000
10:13:17.402 [main] DEBUG o.j.d.cassandra.CassandraTransaction - Created CassandraTransaction@680362a[read=QUORUM,write=QUORUM]
10:13:17.402 [main] DEBUG o.j.d.cassandra.CassandraTransaction - Created CassandraTransaction@3569edd5[read=QUORUM,write=QUORUM]
10:13:17.403 [main] DEBUG o.j.g.t.StandardJanusGraphTx - Guava vertex cache size: requested=20000 effective=20000 (min=100)
10:13:17.403 [main] DEBUG o.j.g.t.vertexcache.GuavaVertexCache - Created dirty vertex map with initial size 32
10:13:17.403 [main] DEBUG o.j.g.t.vertexcache.GuavaVertexCache - Created vertex cache with max size 20000
10:13:17.403 [main] DEBUG o.j.d.cassandra.CassandraTransaction - Created CassandraTransaction@7d0332e1[read=QUORUM,write=QUORUM]
10:13:17.403 [main] DEBUG o.j.d.cassandra.CassandraTransaction - Created CassandraTransaction@7a356a0d[read=QUORUM,write=QUORUM]
10:13:17.405 [main] DEBUG o.j.g.t.StandardJanusGraphTx - Guava vertex cache size: requested=20000 effective=20000 (min=100)
10:13:17.405 [main] DEBUG o.j.g.t.vertexcache.GuavaVertexCache - Created dirty vertex map with initial size 32
10:13:17.405 [main] DEBUG o.j.g.t.vertexcache.GuavaVertexCache - Created vertex cache with max size 20000
10:13:17.405 [main] DEBUG o.j.d.cassandra.CassandraTransaction - Created CassandraTransaction@377c68c6[read=QUORUM,write=QUORUM]
10:13:17.405 [main] DEBUG o.j.d.cassandra.CassandraTransaction - Created CassandraTransaction@538cd0f2[read=QUORUM,write=QUORUM]
10:13:17.406 [main] DEBUG o.j.g.t.StandardJanusGraphTx - Guava vertex cache size: requested=20000 effective=20000 (min=100)
10:13:17.406 [main] DEBUG o.j.g.t.vertexcache.GuavaVertexCache - Created dirty vertex map with initial size 32
10:13:17.406 [main] DEBUG o.j.g.t.vertexcache.GuavaVertexCache - Created vertex cache with max size 20000
10:13:17.407 [main] DEBUG o.j.d.cassandra.CassandraTransaction - Created CassandraTransaction@430fa4ef[read=QUORUM,write=QUORUM]
10:13:17.407 [main] DEBUG o.j.d.cassandra.CassandraTransaction - Created CassandraTransaction@1761de10[read=QUORUM,write=QUORUM]
10:13:17.408 [main] DEBUG o.j.g.t.StandardJanusGraphTx - Guava vertex cache size: requested=20000 effective=20000 (min=100)
10:13:17.408 [main] DEBUG o.j.g.t.vertexcache.GuavaVertexCache - Created dirty vertex map with initial size 32
10:13:17.408 [main] DEBUG o.j.g.t.vertexcache.GuavaVertexCache - Created vertex cache with max size 20000
10:13:17.408 [main] DEBUG o.j.d.cassandra.CassandraTransaction - Created CassandraTransaction@654c1a54[read=QUORUM,write=QUORUM]
10:13:17.408 [main] DEBUG o.j.d.cassandra.CassandraTransaction - Created CassandraTransaction@5bdaf2ce[read=QUORUM,write=QUORUM]
10:13:17.409 [main] DEBUG o.j.g.t.StandardJanusGraphTx - Guava vertex cache size: requested=20000 effective=20000 (min=100)
10:13:17.409 [main] DEBUG o.j.g.t.vertexcache.GuavaVertexCache - Created dirty vertex map with initial size 32
10:13:17.410 [main] DEBUG o.j.g.t.vertexcache.GuavaVertexCache - Created vertex cache with max size 20000
10:13:17.410 [main] DEBUG o.j.d.cassandra.CassandraTransaction - Created CassandraTransaction@46044faa[read=QUORUM,write=QUORUM]
10:13:17.410 [main] DEBUG o.j.d.cassandra.CassandraTransaction - Created CassandraTransaction@1358b28e[read=QUORUM,write=QUORUM]
10:13:17.414 [main] DEBUG o.j.g.t.StandardJanusGraphTx - Guava vertex cache size: requested=20000 effective=20000 (min=100)
10:13:17.414 [main] DEBUG o.j.g.t.vertexcache.GuavaVertexCache - Created dirty vertex map with initial size 32
10:13:17.414 [main] DEBUG o.j.g.t.vertexcache.GuavaVertexCache - Created vertex cache with max size 20000
10:13:17.414 [main] DEBUG o.j.d.cassandra.CassandraTransaction - Created CassandraTransaction@2bfeb1ef[read=QUORUM,write=QUORUM]
10:13:17.414 [main] DEBUG o.j.d.cassandra.CassandraTransaction - Created CassandraTransaction@778ca8ef[read=QUORUM,write=QUORUM]
10:13:17.416 [main] DEBUG o.j.g.t.StandardJanusGraphTx - Guava vertex cache size: requested=20000 effective=20000 (min=100)
10:13:17.416 [main] DEBUG o.j.g.t.vertexcache.GuavaVertexCache - Created dirty vertex map with initial size 32
10:13:17.416 [main] DEBUG o.j.g.t.vertexcache.GuavaVertexCache - Created vertex cache with max size 20000
10:13:17.417 [main] DEBUG o.j.d.cassandra.CassandraTransaction - Created CassandraTransaction@78b236a0[read=QUORUM,write=QUORUM]
10:13:17.417 [main] DEBUG o.j.d.cassandra.CassandraTransaction - Created CassandraTransaction@261d8190[read=QUORUM,write=QUORUM]
10:13:17.419 [main] DEBUG o.j.g.t.StandardJanusGraphTx - Guava vertex cache size: requested=20000 effective=20000 (min=100)
10:13:17.419 [main] DEBUG o.j.g.t.vertexcache.GuavaVertexCache - Created dirty vertex map with initial size 32
10:13:17.419 [main] DEBUG o.j.g.t.vertexcache.GuavaVertexCache - Created vertex cache with max size 20000
10:13:17.419 [main] DEBUG o.j.d.cassandra.CassandraTransaction - Created CassandraTransaction@60e9df3c[read=QUORUM,write=QUORUM]
10:13:17.419 [main] DEBUG o.j.d.cassandra.CassandraTransaction - Created CassandraTransaction@907f2b7[read=QUORUM,write=QUORUM]
[...]
10:13:23.994 [Thread-14] DEBUG o.j.g.database.StandardJanusGraph - Saving transaction. Added 1, removed 1
10:13:23.994 [Thread-14] DEBUG o.j.g.t.StandardJanusGraphTx - Guava vertex cache size: requested=20000 effective=20000 (min=100)
10:13:23.994 [Thread-14] DEBUG o.j.g.t.vertexcache.GuavaVertexCache - Created dirty vertex map with initial size 32
10:13:23.994 [Thread-14] DEBUG o.j.g.t.vertexcache.GuavaVertexCache - Created vertex cache with max size 20000
10:13:23.994 [Thread-14] DEBUG o.j.d.cassandra.CassandraTransaction - Created CassandraTransaction@71b69b68[read=QUORUM,write=QUORUM]
10:13:23.994 [Thread-14] DEBUG o.j.d.cassandra.CassandraTransaction - Created CassandraTransaction@782636f2[read=QUORUM,write=QUORUM]
10:13:23.995 [Thread-19] DEBUG o.j.g.database.StandardJanusGraph - Saving transaction. Added 1, removed 1
10:13:23.995 [Thread-16] DEBUG o.j.g.database.StandardJanusGraph - Saving transaction. Added 1, removed 1
10:13:23.995 [Thread-17] DEBUG o.j.g.database.StandardJanusGraph - Saving transaction. Added 1, removed 1
10:13:23.996 [Thread-18] DEBUG o.j.g.database.StandardJanusGraph - Saving transaction. Added 1, removed 1
10:13:23.996 [Thread-20] DEBUG o.j.g.database.StandardJanusGraph - Saving transaction. Added 1, removed 1
10:13:23.996 [Thread-15] DEBUG o.j.g.database.StandardJanusGraph - Saving transaction. Added 1, removed 1
10:13:23.996 [Thread-14] DEBUG o.j.d.l.c.ExpectedValueCheckingStoreManager - Transaction org.janusgraph.diskstorage.locking.consistentkey.ExpectedValueCheckingTransaction@38f1ba7b holds no locks: writing mutations using store transaction CassandraTransaction@1efd363b[read=QUORUM,write=QUORUM]
10:13:23.996 [Thread-19] DEBUG o.j.d.l.c.ExpectedValueCheckingStoreManager - Transaction org.janusgraph.diskstorage.locking.consistentkey.ExpectedValueCheckingTransaction@48b02071 holds no locks: writing mutations using store transaction CassandraTransaction@67653799[read=QUORUM,write=QUORUM]
10:13:23.997 [Thread-16] DEBUG o.j.d.l.c.ExpectedValueCheckingStoreManager - Transaction org.janusgraph.diskstorage.locking.consistentkey.ExpectedValueCheckingTransaction@25e6bd69 holds no locks: writing mutations using store transaction CassandraTransaction@60f13fd4[read=QUORUM,write=QUORUM]
10:13:23.997 [Thread-17] DEBUG o.j.d.l.c.ExpectedValueCheckingStoreManager - Transaction org.janusgraph.diskstorage.locking.consistentkey.ExpectedValueCheckingTransaction@1ed74f8c holds no locks: writing mutations using store transaction CassandraTransaction@8f65e8a[read=QUORUM,write=QUORUM]
10:13:23.997 [Thread-18] DEBUG o.j.d.l.c.ExpectedValueCheckingStoreManager - Transaction org.janusgraph.diskstorage.locking.consistentkey.ExpectedValueCheckingTransaction@5d87da2b holds no locks: writing mutations using store transaction CassandraTransaction@720a693[read=QUORUM,write=QUORUM]
10:13:23.997 [Thread-20] DEBUG o.j.d.l.c.ExpectedValueCheckingStoreManager - Transaction org.janusgraph.diskstorage.locking.consistentkey.ExpectedValueCheckingTransaction@6283d7b0 holds no locks: writing mutations using store transaction CassandraTransaction@2f89cb8f[read=QUORUM,write=QUORUM]
10:13:23.997 [Thread-15] DEBUG o.j.d.l.c.ExpectedValueCheckingStoreManager - Transaction org.janusgraph.diskstorage.locking.consistentkey.ExpectedValueCheckingTransaction@20d7096e holds no locks: writing mutations using store transaction CassandraTransaction@58c18955[read=QUORUM,write=QUORUM]
Commit completed for Thread-14
Waiting for EdgeUpdator thread : Thread-15
Commit completed for Thread-19
Commit completed for Thread-16
Commit completed for Thread-18
Commit completed for Thread-20
Commit completed for Thread-15
10:13:24.001 [Thread-22] DEBUG o.j.g.database.StandardJanusGraph - Saving transaction. Added 1, removed 1
Waiting for EdgeUpdator thread : Thread-16
Waiting for EdgeUpdator thread : Thread-17
10:13:24.002 [Thread-22] DEBUG o.j.d.l.c.ExpectedValueCheckingStoreManager - Transaction org.janusgraph.diskstorage.locking.consistentkey.ExpectedValueCheckingTransaction@711d3dd5 holds no locks: writing mutations using store transaction CassandraTransaction@16a7d9f7[read=QUORUM,write=QUORUM]
Commit completed for Thread-22
Commit completed for Thread-17
Waiting for EdgeUpdator thread : Thread-18
Waiting for EdgeUpdator thread : Thread-19
Waiting for EdgeUpdator thread : Thread-20
Waiting for EdgeUpdator thread : Thread-21
10:13:24.005 [Thread-23] DEBUG o.j.g.database.StandardJanusGraph - Saving transaction. Added 1, removed 1
10:13:24.005 [Thread-23] DEBUG o.j.d.l.c.ExpectedValueCheckingStoreManager - Transaction org.janusgraph.diskstorage.locking.consistentkey.ExpectedValueCheckingTransaction@44b289e7 holds no locks: writing mutations using store transaction CassandraTransaction@1e016ba7[read=QUORUM,write=QUORUM]
Commit completed for Thread-23
10:13:24.006 [Thread-21] DEBUG o.j.g.database.StandardJanusGraph - Saving transaction. Added 1, removed 1
10:13:24.007 [Thread-21] DEBUG o.j.d.l.c.ExpectedValueCheckingStoreManager - Transaction org.janusgraph.diskstorage.locking.consistentkey.ExpectedValueCheckingTransaction@6968a3f2 holds no locks: writing mutations using store transaction CassandraTransaction@46b4ce51[read=QUORUM,write=QUORUM]
Commit completed for Thread-21
Waiting for EdgeUpdator thread : Thread-22
Waiting for EdgeUpdator thread : Thread-23
Starting evaluating end state!
10:13:24.013 [main] DEBUG o.j.g.t.StandardJanusGraphTx - Guava vertex cache size: requested=20000 effective=20000 (min=100)
10:13:24.013 [main] DEBUG o.j.g.t.vertexcache.GuavaVertexCache - Created dirty vertex map with initial size 32
10:13:24.013 [main] DEBUG o.j.g.t.vertexcache.GuavaVertexCache - Created vertex cache with max size 20000
10:13:24.014 [main] DEBUG o.j.d.cassandra.CassandraTransaction - Created CassandraTransaction@375b5b7f[read=QUORUM,write=QUORUM]
10:13:24.014 [main] DEBUG o.j.d.cassandra.CassandraTransaction - Created CassandraTransaction@1813f3e9[read=QUORUM,write=QUORUM]
10:13:24.014 [main] DEBUG o.j.g.t.JanusGraphBlueprintsGraph - Created new thread-bound transaction standardjanusgraphtx[0x28cb9120]
Shutting down the graph!
10:13:24.040 [main] DEBUG o.j.d.cassandra.CassandraTransaction - Created CassandraTransaction@726a6b94[read=QUORUM,write=QUORUM]
10:13:24.040 [main] DEBUG o.j.d.cassandra.CassandraTransaction - Created CassandraTransaction@6ad11a56[read=QUORUM,write=QUORUM]
10:13:24.045 [main] DEBUG o.j.d.cassandra.CassandraTransaction - Created CassandraTransaction@6ad5923a[read=QUORUM,write=QUORUM]
10:13:24.046 [main] DEBUG o.j.d.cassandra.CassandraTransaction - Created CassandraTransaction@4463d9d3[read=QUORUM,write=QUORUM]
10:13:24.049 [main] DEBUG o.j.g.database.StandardJanusGraph - Removed shutdown hook Thread[Thread-2,5,main]
10:13:24.049 [main] DEBUG o.s.t.c.s.AbstractDirtiesContextTestExecutionListener - After test method: context [DefaultTestContext@4923ab24 testClass = JanusMultipleEdgesTest, testInstance = com.cms.til.graph.janus.JanusMultipleEdgesTest@1e7c7811, testMethod = testMultipleEdgesWithSameId@JanusMultipleEdgesTest, testException = java.lang.AssertionError: Duplicate edges found between  (msid: 246912)--hie_child--&gt;(msid: 246913) expected:&lt;1&gt; but was:&lt;10&gt;, mergedContextConfiguration = [MergedContextConfiguration@44c8afef testClass = JanusMultipleEdgesTest, locations = &apos;{}&apos;, classes = &apos;{class com.cms.til.graph.janus.BeanConfig}&apos;, contextInitializerClasses = &apos;[]&apos;, activeProfiles = &apos;{}&apos;, propertySourceLocations = &apos;{}&apos;, propertySourceProperties = &apos;{}&apos;, contextLoader = &apos;org.springframework.test.context.support.DelegatingSmartContextLoader&apos;, parent = [null]]], class annotated with @DirtiesContext [false] with mode [null], method annotated with @DirtiesContext [false] with mode [null].
</system-out>
    <system-err>Exception in thread &quot;Thread-7&quot; Exception in thread &quot;Thread-8&quot; Exception in thread &quot;Thread-10&quot; org.janusgraph.core.JanusGraphException: Could not commit transaction due to exception during persistence
	at org.janusgraph.graphdb.transaction.StandardJanusGraphTx.commit(StandardJanusGraphTx.java:1385)
	at com.cms.til.graph.janus.JanusEdgeUpdator.run(JanusEdgeUpdator.java:36)
	at java.lang.Thread.run(Thread.java:748)
Caused by: org.janusgraph.core.JanusGraphException: Unexpected exception
	at org.janusgraph.graphdb.database.StandardJanusGraph.commit(StandardJanusGraph.java:806)
	at org.janusgraph.graphdb.transaction.StandardJanusGraphTx.commit(StandardJanusGraphTx.java:1374)
	... 2 more
Caused by: org.janusgraph.diskstorage.locking.PermanentLockingException: Local lock contention
	at org.janusgraph.diskstorage.locking.AbstractLocker.writeLock(AbstractLocker.java:327)
	at org.janusgraph.diskstorage.locking.consistentkey.ExpectedValueCheckingStore.acquireLock(ExpectedValueCheckingStore.java:103)
	at org.janusgraph.diskstorage.keycolumnvalue.KCVSProxy.acquireLock(KCVSProxy.java:52)
	at org.janusgraph.diskstorage.BackendTransaction.acquireIndexLock(BackendTransaction.java:256)
	at org.janusgraph.graphdb.database.StandardJanusGraph.prepareCommit(StandardJanusGraph.java:572)
	at org.janusgraph.graphdb.database.StandardJanusGraph.commit(StandardJanusGraph.java:702)
	... 3 more
org.janusgraph.core.JanusGraphException: Could not commit transaction due to exception during persistence
	at org.janusgraph.graphdb.transaction.StandardJanusGraphTx.commit(StandardJanusGraphTx.java:1385)
	at com.cms.til.graph.janus.JanusEdgeUpdator.run(JanusEdgeUpdator.java:36)
	at java.lang.Thread.run(Thread.java:748)
Caused by: org.janusgraph.core.JanusGraphException: Unexpected exception
	at org.janusgraph.graphdb.database.StandardJanusGraph.commit(StandardJanusGraph.java:806)
	at org.janusgraph.graphdb.transaction.StandardJanusGraphTx.commit(StandardJanusGraphTx.java:1374)
	... 2 more
Caused by: org.janusgraph.diskstorage.locking.PermanentLockingException: Local lock contention
	at org.janusgraph.diskstorage.locking.AbstractLocker.writeLock(AbstractLocker.java:327)
	at org.janusgraph.diskstorage.locking.consistentkey.ExpectedValueCheckingStore.acquireLock(ExpectedValueCheckingStore.java:103)
	at org.janusgraph.diskstorage.keycolumnvalue.KCVSProxy.acquireLock(KCVSProxy.java:52)
	at org.janusgraph.diskstorage.BackendTransaction.acquireIndexLock(BackendTransaction.java:256)
	at org.janusgraph.graphdb.database.StandardJanusGraph.prepareCommit(StandardJanusGraph.java:572)
	at org.janusgraph.graphdb.database.StandardJanusGraph.commit(StandardJanusGraph.java:702)
	... 3 more
org.janusgraph.core.JanusGraphException: Could not commit transaction due to exception during persistence
	at org.janusgraph.graphdb.transaction.StandardJanusGraphTx.commit(StandardJanusGraphTx.java:1385)
	at com.cms.til.graph.janus.JanusEdgeUpdator.run(JanusEdgeUpdator.java:36)
	at java.lang.Thread.run(Thread.java:748)
Caused by: org.janusgraph.core.JanusGraphException: Unexpected exception
	at org.janusgraph.graphdb.database.StandardJanusGraph.commit(StandardJanusGraph.java:806)
	at org.janusgraph.graphdb.transaction.StandardJanusGraphTx.commit(StandardJanusGraphTx.java:1374)
	... 2 more
Caused by: org.janusgraph.diskstorage.locking.PermanentLockingException: Local lock contention
	at org.janusgraph.diskstorage.locking.AbstractLocker.writeLock(AbstractLocker.java:327)
	at org.janusgraph.diskstorage.locking.consistentkey.ExpectedValueCheckingStore.acquireLock(ExpectedValueCheckingStore.java:103)
	at org.janusgraph.diskstorage.keycolumnvalue.KCVSProxy.acquireLock(KCVSProxy.java:52)
	at org.janusgraph.diskstorage.BackendTransaction.acquireIndexLock(BackendTransaction.java:256)
	at org.janusgraph.graphdb.database.StandardJanusGraph.prepareCommit(StandardJanusGraph.java:572)
	at org.janusgraph.graphdb.database.StandardJanusGraph.commit(StandardJanusGraph.java:702)
	... 3 more
Exception in thread &quot;Thread-9&quot; org.janusgraph.core.JanusGraphException: Could not commit transaction due to exception during persistence
	at org.janusgraph.graphdb.transaction.StandardJanusGraphTx.commit(StandardJanusGraphTx.java:1385)
	at com.cms.til.graph.janus.JanusEdgeUpdator.run(JanusEdgeUpdator.java:36)
	at java.lang.Thread.run(Thread.java:748)
Caused by: org.janusgraph.core.JanusGraphException: Unexpected exception
	at org.janusgraph.graphdb.database.StandardJanusGraph.commit(StandardJanusGraph.java:806)
	at org.janusgraph.graphdb.transaction.StandardJanusGraphTx.commit(StandardJanusGraphTx.java:1374)
	... 2 more
Caused by: org.janusgraph.diskstorage.locking.PermanentLockingException: Local lock contention
	at org.janusgraph.diskstorage.locking.AbstractLocker.writeLock(AbstractLocker.java:327)
	at org.janusgraph.diskstorage.locking.consistentkey.ExpectedValueCheckingStore.acquireLock(ExpectedValueCheckingStore.java:103)
	at org.janusgraph.diskstorage.keycolumnvalue.KCVSProxy.acquireLock(KCVSProxy.java:52)
	at org.janusgraph.diskstorage.BackendTransaction.acquireIndexLock(BackendTransaction.java:256)
	at org.janusgraph.graphdb.database.StandardJanusGraph.prepareCommit(StandardJanusGraph.java:572)
	at org.janusgraph.graphdb.database.StandardJanusGraph.commit(StandardJanusGraph.java:702)
	... 3 more
Exception in thread &quot;Thread-13&quot; org.janusgraph.core.JanusGraphException: Could not commit transaction due to exception during persistence
	at org.janusgraph.graphdb.transaction.StandardJanusGraphTx.commit(StandardJanusGraphTx.java:1385)
	at com.cms.til.graph.janus.JanusEdgeUpdator.run(JanusEdgeUpdator.java:36)
	at java.lang.Thread.run(Thread.java:748)
Caused by: org.janusgraph.core.JanusGraphException: Unexpected exception
	at org.janusgraph.graphdb.database.StandardJanusGraph.commit(StandardJanusGraph.java:806)
	at org.janusgraph.graphdb.transaction.StandardJanusGraphTx.commit(StandardJanusGraphTx.java:1374)
	... 2 more
Caused by: org.janusgraph.diskstorage.locking.PermanentLockingException: Local lock contention
	at org.janusgraph.diskstorage.locking.AbstractLocker.writeLock(AbstractLocker.java:327)
	at org.janusgraph.diskstorage.locking.consistentkey.ExpectedValueCheckingStore.acquireLock(ExpectedValueCheckingStore.java:103)
	at org.janusgraph.diskstorage.keycolumnvalue.KCVSProxy.acquireLock(KCVSProxy.java:52)
	at org.janusgraph.diskstorage.BackendTransaction.acquireIndexLock(BackendTransaction.java:256)
	at org.janusgraph.graphdb.database.StandardJanusGraph.prepareCommit(StandardJanusGraph.java:572)
	at org.janusgraph.graphdb.database.StandardJanusGraph.commit(StandardJanusGraph.java:702)
	... 3 more
Exception in thread &quot;Thread-4&quot; Exception in thread &quot;Thread-12&quot; org.janusgraph.core.JanusGraphException: Could not commit transaction due to exception during persistence
	at org.janusgraph.graphdb.transaction.StandardJanusGraphTx.commit(StandardJanusGraphTx.java:1385)
	at com.cms.til.graph.janus.JanusEdgeUpdator.run(JanusEdgeUpdator.java:36)
	at java.lang.Thread.run(Thread.java:748)
Caused by: org.janusgraph.core.JanusGraphException: Unexpected exception
	at org.janusgraph.graphdb.database.StandardJanusGraph.commit(StandardJanusGraph.java:806)
	at org.janusgraph.graphdb.transaction.StandardJanusGraphTx.commit(StandardJanusGraphTx.java:1374)
	... 2 more
Caused by: org.janusgraph.diskstorage.locking.PermanentLockingException: Local lock contention
	at org.janusgraph.diskstorage.locking.AbstractLocker.writeLock(AbstractLocker.java:327)
	at org.janusgraph.diskstorage.locking.consistentkey.ExpectedValueCheckingStore.acquireLock(ExpectedValueCheckingStore.java:103)
	at org.janusgraph.diskstorage.keycolumnvalue.KCVSProxy.acquireLock(KCVSProxy.java:52)
	at org.janusgraph.diskstorage.BackendTransaction.acquireIndexLock(BackendTransaction.java:256)
	at org.janusgraph.graphdb.database.StandardJanusGraph.prepareCommit(StandardJanusGraph.java:572)
	at org.janusgraph.graphdb.database.StandardJanusGraph.commit(StandardJanusGraph.java:702)
	... 3 more
Exception in thread &quot;Thread-6&quot; org.janusgraph.core.JanusGraphException: Could not commit transaction due to exception during persistence
	at org.janusgraph.graphdb.transaction.StandardJanusGraphTx.commit(StandardJanusGraphTx.java:1385)
	at com.cms.til.graph.janus.JanusEdgeUpdator.run(JanusEdgeUpdator.java:36)
	at java.lang.Thread.run(Thread.java:748)
Caused by: org.janusgraph.core.JanusGraphException: Unexpected exception
	at org.janusgraph.graphdb.database.StandardJanusGraph.commit(StandardJanusGraph.java:806)
	at org.janusgraph.graphdb.transaction.StandardJanusGraphTx.commit(StandardJanusGraphTx.java:1374)
	... 2 more
Caused by: org.janusgraph.diskstorage.locking.PermanentLockingException: Local lock contention
	at org.janusgraph.diskstorage.locking.AbstractLocker.writeLock(AbstractLocker.java:327)
	at org.janusgraph.diskstorage.locking.consistentkey.ExpectedValueCheckingStore.acquireLock(ExpectedValueCheckingStore.java:103)
	at org.janusgraph.diskstorage.keycolumnvalue.KCVSProxy.acquireLock(KCVSProxy.java:52)
	at org.janusgraph.diskstorage.BackendTransaction.acquireIndexLock(BackendTransaction.java:256)
	at org.janusgraph.graphdb.database.StandardJanusGraph.prepareCommit(StandardJanusGraph.java:572)
	at org.janusgraph.graphdb.database.StandardJanusGraph.commit(StandardJanusGraph.java:702)
	... 3 more
org.janusgraph.core.JanusGraphException: Could not commit transaction due to exception during persistence
	at org.janusgraph.graphdb.transaction.StandardJanusGraphTx.commit(StandardJanusGraphTx.java:1385)
	at com.cms.til.graph.janus.JanusEdgeUpdator.run(JanusEdgeUpdator.java:36)
	at java.lang.Thread.run(Thread.java:748)
Caused by: org.janusgraph.core.JanusGraphException: Unexpected exception
	at org.janusgraph.graphdb.database.StandardJanusGraph.commit(StandardJanusGraph.java:806)
	at org.janusgraph.graphdb.transaction.StandardJanusGraphTx.commit(StandardJanusGraphTx.java:1374)
	... 2 more
Caused by: org.janusgraph.diskstorage.locking.PermanentLockingException: Local lock contention
	at org.janusgraph.diskstorage.locking.AbstractLocker.writeLock(AbstractLocker.java:327)
	at org.janusgraph.diskstorage.locking.consistentkey.ExpectedValueCheckingStore.acquireLock(ExpectedValueCheckingStore.java:103)
	at org.janusgraph.diskstorage.keycolumnvalue.KCVSProxy.acquireLock(KCVSProxy.java:52)
	at org.janusgraph.diskstorage.BackendTransaction.acquireIndexLock(BackendTransaction.java:256)
	at org.janusgraph.graphdb.database.StandardJanusGraph.prepareCommit(StandardJanusGraph.java:572)
	at org.janusgraph.graphdb.database.StandardJanusGraph.commit(StandardJanusGraph.java:702)
	... 3 more
Exception in thread &quot;Thread-11&quot; org.janusgraph.core.JanusGraphException: Could not commit transaction due to exception during persistence
	at org.janusgraph.graphdb.transaction.StandardJanusGraphTx.commit(StandardJanusGraphTx.java:1385)
	at com.cms.til.graph.janus.JanusEdgeUpdator.run(JanusEdgeUpdator.java:36)
	at java.lang.Thread.run(Thread.java:748)
Caused by: org.janusgraph.core.JanusGraphException: Unexpected exception
	at org.janusgraph.graphdb.database.StandardJanusGraph.commit(StandardJanusGraph.java:806)
	at org.janusgraph.graphdb.transaction.StandardJanusGraphTx.commit(StandardJanusGraphTx.java:1374)
	... 2 more
Caused by: org.janusgraph.diskstorage.locking.PermanentLockingException: Local lock contention
	at org.janusgraph.diskstorage.locking.AbstractLocker.writeLock(AbstractLocker.java:327)
	at org.janusgraph.diskstorage.locking.consistentkey.ExpectedValueCheckingStore.acquireLock(ExpectedValueCheckingStore.java:103)
	at org.janusgraph.diskstorage.keycolumnvalue.KCVSProxy.acquireLock(KCVSProxy.java:52)
	at org.janusgraph.diskstorage.BackendTransaction.acquireIndexLock(BackendTransaction.java:256)
	at org.janusgraph.graphdb.database.StandardJanusGraph.prepareCommit(StandardJanusGraph.java:572)
	at org.janusgraph.graphdb.database.StandardJanusGraph.commit(StandardJanusGraph.java:702)
	... 3 more
</system-err>
  </testcase>
</testsuite>